{"logTime": "0510/193600", "correlationVector":"uxl+DRGMB++5cBO3RcEj4J","action":"Commit Request", "result":"", "context":Item count: 1
Contributing types: Sessions}
{"logTime": "0510/193601", "correlationVector":"uxl+DRGMB++5cBO3RcEj4J.1","action":"SyncServerConnectionManagerRequest", "result":"SYNC_SERVER_OK", "context":{"environment":"Prod_SouthCentralUS_000i", "migrationStage":"NotStarted", "server":"GENERAL0100000C"}}
{"logTime": "0510/193601", "correlationVector":"uxl+DRGMB++5cBO3RcEj4J.2","action":"Commit Response", "result":"Success", "context":Result: Success. cV=uxl+DRGMB++5cBO3RcEj4J.0;server=GENERAL0100000C;cloudType=Consumer;environment=Prod_SouthCentralUS_000i;migrationStage=NotStarted}
{"logTime": "0510/193802", "correlationVector":"SsYm91uYdgveJdB+4hiLkv","action":"Normal GetUpdate request", "result":"", "context":cV=SsYm91uYdgveJdB+4hiLkv
Nudged types: Preferences
Refresh requested types: Bookmarks, Preferences, Passwords, Autofill Profiles, Autofill, Typed URLs, Extensions, Sessions, Extension settings, History Delete Directives, Device Info, User Consents, Send Tab To Self, Web Apps, Collection, Edge E Drop, Edge Hub App Usage, Edge Tab Group, Edge Wallet, Encryption Keys}
{"logTime": "0510/193802", "correlationVector":"SsYm91uYdgveJdB+4hiLkv.1","action":"SyncServerConnectionManagerRequest", "result":"SYNC_SERVER_OK", "context":{"environment":"Prod_SouthCentralUS_000i", "migrationStage":"NotStarted", "server":"GENERAL0100000F"}}
{"logTime": "0510/193802", "correlationVector":"SsYm91uYdgveJdB+4hiLkv.2","action":"GetUpdates Response", "result":"Success", "context":Received 2 update(s). cV=SsYm91uYdgveJdB+4hiLkv.0;server=GENERAL0100000F;cloudType=Consumer;environment=Prod_SouthCentralUS_000i;migrationStage=NotStarted}
{"logTime": "0510/193802", "correlationVector":"OnS3v9X0+1lE3SGylF7rqp","action":"Commit Request", "result":"", "context":Item count: 1
Contributing types: Preferences}
{"logTime": "0510/193802", "correlationVector":"OnS3v9X0+1lE3SGylF7rqp.1","action":"SyncServerConnectionManagerRequest", "result":"SYNC_SERVER_OK", "context":{"environment":"Prod_SouthCentralUS_000i", "migrationStage":"NotStarted", "server":"GENERAL0100000R"}}
{"logTime": "0510/193802", "correlationVector":"OnS3v9X0+1lE3SGylF7rqp.2","action":"Commit Response", "result":"Success", "context":Result: Success. cV=OnS3v9X0+1lE3SGylF7rqp.0;server=GENERAL0100000R;cloudType=Consumer;environment=Prod_SouthCentralUS_000i;migrationStage=NotStarted}
{"logTime": "0510/193851", "correlationVector":"qzZ8bdjEM1ikzWRixD9ugr","action":"Commit Request", "result":"", "context":Item count: 1
Contributing types: Sessions}
{"logTime": "0510/193851", "correlationVector":"qzZ8bdjEM1ikzWRixD9ugr.1","action":"SyncServerConnectionManagerRequest", "result":"SYNC_SERVER_OK", "context":{"environment":"Prod_SouthCentralUS_000i", "migrationStage":"NotStarted", "server":"GENERAL01000011"}}
{"logTime": "0510/193851", "correlationVector":"qzZ8bdjEM1ikzWRixD9ugr.2","action":"Commit Response", "result":"Success", "context":Result: Success. cV=qzZ8bdjEM1ikzWRixD9ugr.0;server=GENERAL01000011;cloudType=Consumer;environment=Prod_SouthCentralUS_000i;migrationStage=NotStarted}
{"logTime": "0510/194329", "correlationVector":"IOazOK43wf9gImBM9CRgjL","action":"Commit Request", "result":"", "context":Item count: 1
Contributing types: Sessions}
{"logTime": "0510/194329", "correlationVector":"IOazOK43wf9gImBM9CRgjL.1","action":"SyncServerConnectionManagerRequest", "result":"SYNC_SERVER_OK", "context":{"environment":"Prod_SouthCentralUS_000i", "migrationStage":"NotStarted", "server":"GENERAL01000001"}}
{"logTime": "0510/194330", "correlationVector":"IOazOK43wf9gImBM9CRgjL.2","action":"Commit Response", "result":"Success", "context":Result: Success. cV=IOazOK43wf9gImBM9CRgjL.0;server=GENERAL01000001;cloudType=Consumer;environment=Prod_SouthCentralUS_000i;migrationStage=NotStarted}
{"logTime": "0510/194513", "correlationVector":"YcubM2hpJ6epz1Gr8ao+vl","action":"Commit Request", "result":"", "context":Item count: 1
Contributing types: Sessions}
{"logTime": "0510/194513", "correlationVector":"YcubM2hpJ6epz1Gr8ao+vl.1","action":"SyncServerConnectionManagerRequest", "result":"SYNC_SERVER_OK", "context":{"environment":"Prod_SouthCentralUS_000i", "migrationStage":"NotStarted", "server":"GENERAL01000001"}}
{"logTime": "0510/194514", "correlationVector":"YcubM2hpJ6epz1Gr8ao+vl.2","action":"Commit Response", "result":"Success", "context":Result: Success. cV=YcubM2hpJ6epz1Gr8ao+vl.0;server=GENERAL01000001;cloudType=Consumer;environment=Prod_SouthCentralUS_000i;migrationStage=NotStarted}
{"logTime": "0510/194548", "correlationVector":"+hNM9Rba1Y7zkzTqy27MqV","action":"Commit Request", "result":"", "context":Item count: 1
Contributing types: Sessions}
{"logTime": "0510/194548", "correlationVector":"+hNM9Rba1Y7zkzTqy27MqV.1","action":"SyncServerConnectionManagerRequest", "result":"SYNC_SERVER_OK", "context":{"environment":"Prod_SouthCentralUS_000i", "migrationStage":"NotStarted", "server":"GENERAL0100000O"}}
{"logTime": "0510/194548", "correlationVector":"+hNM9Rba1Y7zkzTqy27MqV.2","action":"Commit Response", "result":"Success", "context":Result: Success. cV=+hNM9Rba1Y7zkzTqy27MqV.0;server=GENERAL0100000O;cloudType=Consumer;environment=Prod_SouthCentralUS_000i;migrationStage=NotStarted}
{"logTime": "0510/195021", "correlationVector":"vB5wUZDJgoHbu17hxmMvaF","action":"Commit Request", "result":"", "context":Item count: 1
Contributing types: Sessions}
{"logTime": "0510/195021", "correlationVector":"vB5wUZDJgoHbu17hxmMvaF.1","action":"SyncServerConnectionManagerRequest", "result":"SYNC_SERVER_OK", "context":{"environment":"Prod_SouthCentralUS_000i", "migrationStage":"NotStarted", "server":"GENERAL0100000I"}}
{"logTime": "0510/195021", "correlationVector":"vB5wUZDJgoHbu17hxmMvaF.2","action":"Commit Response", "result":"Success", "context":Result: Success. cV=vB5wUZDJgoHbu17hxmMvaF.0;server=GENERAL0100000I;cloudType=Consumer;environment=Prod_SouthCentralUS_000i;migrationStage=NotStarted}
{"logTime": "0510/195113", "correlationVector":"/xU0nf0GuFhgNLD4H8HtYl","action":"Commit Request", "result":"", "context":Item count: 1
Contributing types: Sessions}
{"logTime": "0510/195114", "correlationVector":"/xU0nf0GuFhgNLD4H8HtYl.1","action":"SyncServerConnectionManagerRequest", "result":"SYNC_SERVER_OK", "context":{"environment":"Prod_SouthCentralUS_000i", "migrationStage":"NotStarted", "server":"GENERAL0100001G"}}
{"logTime": "0510/195114", "correlationVector":"/xU0nf0GuFhgNLD4H8HtYl.2","action":"Commit Response", "result":"Success", "context":Result: Success. cV=/xU0nf0GuFhgNLD4H8HtYl.0;server=GENERAL0100001G;cloudType=Consumer;environment=Prod_SouthCentralUS_000i;migrationStage=NotStarted}
{"logTime": "0510/195322", "correlationVector":"vOJzNnXvXHbBKna070tSec","action":"Commit Request", "result":"", "context":Item count: 1
Contributing types: Sessions}
{"logTime": "0510/195322", "correlationVector":"vOJzNnXvXHbBKna070tSec.1","action":"SyncServerConnectionManagerRequest", "result":"SYNC_SERVER_OK", "context":{"environment":"Prod_SouthCentralUS_000i", "migrationStage":"NotStarted", "server":"GENERAL0100000M"}}
{"logTime": "0510/195322", "correlationVector":"vOJzNnXvXHbBKna070tSec.2","action":"Commit Response", "result":"Success", "context":Result: Success. cV=vOJzNnXvXHbBKna070tSec.0;server=GENERAL0100000M;cloudType=Consumer;environment=Prod_SouthCentralUS_000i;migrationStage=NotStarted}
{"logTime": "0510/195422", "correlationVector":"gFXWRuI0J5ce+xBB2z+5+9","action":"Commit Request", "result":"", "context":Item count: 1
Contributing types: Sessions}
{"logTime": "0510/195422", "correlationVector":"gFXWRuI0J5ce+xBB2z+5+9.1","action":"SyncServerConnectionManagerRequest", "result":"SYNC_SERVER_OK", "context":{"environment":"Prod_SouthCentralUS_000i", "migrationStage":"NotStarted", "server":"GENERAL01000019"}}
{"logTime": "0510/195422", "correlationVector":"gFXWRuI0J5ce+xBB2z+5+9.2","action":"Commit Response", "result":"Success", "context":Result: Success. cV=gFXWRuI0J5ce+xBB2z+5+9.0;server=GENERAL01000019;cloudType=Consumer;environment=Prod_SouthCentralUS_000i;migrationStage=NotStarted}
{"logTime": "0510/195711", "correlationVector":"PJUgPzBfD4jtFm3gLP0408","action":"Commit Request", "result":"", "context":Item count: 1
Contributing types: Sessions}
{"logTime": "0510/195711", "correlationVector":"PJUgPzBfD4jtFm3gLP0408.1","action":"SyncServerConnectionManagerRequest", "result":"SYNC_SERVER_OK", "context":{"environment":"Prod_SouthCentralUS_000i", "migrationStage":"NotStarted", "server":"GENERAL0100000O"}}
{"logTime": "0510/195711", "correlationVector":"PJUgPzBfD4jtFm3gLP0408.2","action":"Commit Response", "result":"Success", "context":Result: Success. cV=PJUgPzBfD4jtFm3gLP0408.0;server=GENERAL0100000O;cloudType=Consumer;environment=Prod_SouthCentralUS_000i;migrationStage=NotStarted}
{"logTime": "0510/195818", "correlationVector":"Wwd4061378Md5yM+TSOND8","action":"Commit Request", "result":"", "context":Item count: 1
Contributing types: Sessions}
{"logTime": "0510/195818", "correlationVector":"Wwd4061378Md5yM+TSOND8.1","action":"SyncServerConnectionManagerRequest", "result":"SYNC_SERVER_OK", "context":{"environment":"Prod_SouthCentralUS_000i", "migrationStage":"NotStarted", "server":"GENERAL01000019"}}
{"logTime": "0510/195818", "correlationVector":"Wwd4061378Md5yM+TSOND8.2","action":"Commit Response", "result":"Success", "context":Result: Success. cV=Wwd4061378Md5yM+TSOND8.0;server=GENERAL01000019;cloudType=Consumer;environment=Prod_SouthCentralUS_000i;migrationStage=NotStarted}
{"logTime": "0510/200313", "correlationVector":"sjwkwQWfOFOEcHIRBMIVU5","action":"Commit Request", "result":"", "context":Item count: 1
Contributing types: Sessions}
{"logTime": "0510/200313", "correlationVector":"sjwkwQWfOFOEcHIRBMIVU5.1","action":"SyncServerConnectionManagerRequest", "result":"SYNC_SERVER_OK", "context":{"environment":"Prod_CentralUS_000t", "migrationStage":"NotStarted", "server":"general11000010"}}
{"logTime": "0510/200313", "correlationVector":"sjwkwQWfOFOEcHIRBMIVU5.2","action":"Commit Response", "result":"Success", "context":Result: Success. cV=sjwkwQWfOFOEcHIRBMIVU5.0;server=general11000010;cloudType=Consumer;environment=Prod_CentralUS_000t;migrationStage=NotStarted}
{"logTime": "0510/200421", "correlationVector":"bnSuuNBn8k5LFmL5SB8A2U","action":"Commit Request", "result":"", "context":Item count: 1
Contributing types: Sessions}
{"logTime": "0510/200421", "correlationVector":"bnSuuNBn8k5LFmL5SB8A2U.1","action":"SyncServerConnectionManagerRequest", "result":"SYNC_SERVER_OK", "context":{"environment":"Prod_SouthCentralUS_000i", "migrationStage":"NotStarted", "server":"GENERAL0100000E"}}
{"logTime": "0510/200421", "correlationVector":"bnSuuNBn8k5LFmL5SB8A2U.2","action":"Commit Response", "result":"Success", "context":Result: Success. cV=bnSuuNBn8k5LFmL5SB8A2U.0;server=GENERAL0100000E;cloudType=Consumer;environment=Prod_SouthCentralUS_000i;migrationStage=NotStarted}
{"logTime": "0511/014702", "correlationVector":"kdVcHC88I1+VVGVOF9DbAU","action":"SyncServerConnectionManagerRequest", "result":"SYNC_SERVER_OK", "context":{"environment":"", "migrationStage":"", "server":""}}
{"logTime": "0511/014702", "correlationVector":"KYj37pT2Mrsh4CsJJnJ2Mj.1","action":"SyncServerConnectionManagerRequest", "result":"SYNC_SERVER_OK", "context":{"environment":"Prod_SouthCentralUS_000i", "migrationStage":"NotStarted", "server":"GENERAL0100000B"}}
{"logTime": "0511/014702", "correlationVector":"KYj37pT2Mrsh4CsJJnJ2Mj","action":"Initial GetUpdates", "result":"", "context":Reason: NEW_CLIENT. cV=KYj37pT2Mrsh4CsJJnJ2Mj}
{"logTime": "0511/014703", "correlationVector":"KYj37pT2Mrsh4CsJJnJ2Mj.2","action":"GetUpdates Response", "result":"Success", "context":Received 1 update(s). cV=KYj37pT2Mrsh4CsJJnJ2Mj.0;server=GENERAL0100000B;cloudType=Consumer;environment=Prod_SouthCentralUS_000i;migrationStage=NotStarted}
{"logTime": "0511/014703", "correlationVector":"tA+4Fn6qPCsORsbQBIAtAS","action":"Initial GetUpdates", "result":"", "context":Reason: NEWLY_SUPPORTED_DATATYPE. cV=tA+4Fn6qPCsORsbQBIAtAS}
{"logTime": "0511/014703", "correlationVector":"tA+4Fn6qPCsORsbQBIAtAS.1","action":"SyncServerConnectionManagerRequest", "result":"SYNC_SERVER_OK", "context":{"environment":"Prod_SouthCentralUS_000i", "migrationStage":"NotStarted", "server":"GENERAL0100000F"}}
{"logTime": "0511/014703", "correlationVector":"tA+4Fn6qPCsORsbQBIAtAS.2","action":"GetUpdates", "result":"DeleteReceived", "context":{"id":"ccac9b1e-2d13-4425-97d7-85b4564528dc", "isDeleted:":"true", "version":"1690346386203"}}
{"logTime": "0511/014703", "correlationVector":"tA+4Fn6qPCsORsbQBIAtAS.3","action":"GetUpdates Response", "result":"Success", "context":Received 89 update(s). cV=tA+4Fn6qPCsORsbQBIAtAS.0;server=GENERAL0100000F;cloudType=Consumer;environment=Prod_SouthCentralUS_000i;migrationStage=NotStarted}
{"logTime": "0511/014703", "correlationVector":"tOg0nDfJ2KNiscSkwGgHjk","action":"Normal GetUpdate request", "result":"", "context":cV=tOg0nDfJ2KNiscSkwGgHjk
Nudged types: Sessions, Device Info
Refresh requested types: Bookmarks, Preferences, Passwords, Autofill Profiles, Autofill, Typed URLs, Extensions, Sessions, Extension settings, History Delete Directives, Device Info, User Consents, Send Tab To Self, Web Apps, Collection, Edge E Drop, Edge Hub App Usage, Edge Tab Group, Edge Wallet, Encryption Keys}
{"logTime": "0511/014704", "correlationVector":"tOg0nDfJ2KNiscSkwGgHjk.1","action":"SyncServerConnectionManagerRequest", "result":"SYNC_SERVER_OK", "context":{"environment":"Prod_SouthCentralUS_000i", "migrationStage":"NotStarted", "server":"GENERAL0100000O"}}
{"logTime": "0511/014704", "correlationVector":"tOg0nDfJ2KNiscSkwGgHjk.2","action":"GetUpdates", "result":"DeleteReceived", "context":{"id":"e3f225a6-0564-410d-b2ba-00650e398249", "isDeleted:":"true", "version":"1715371758453"}}
{"logTime": "0511/014704", "correlationVector":"tOg0nDfJ2KNiscSkwGgHjk.3","action":"GetUpdates Response", "result":"Success", "context":Received 8 update(s). cV=tOg0nDfJ2KNiscSkwGgHjk.0;server=GENERAL0100000O;cloudType=Consumer;environment=Prod_SouthCentralUS_000i;migrationStage=NotStarted}
{"logTime": "0511/014704", "correlationVector":"V/nuGFT5Uh3EcQL/p/2+pt","action":"Commit Request", "result":"", "context":Item count: 1
Contributing types: Device Info}
{"logTime": "0511/014704", "correlationVector":"V/nuGFT5Uh3EcQL/p/2+pt.1","action":"SyncServerConnectionManagerRequest", "result":"SYNC_SERVER_OK", "context":{"environment":"Prod_SouthCentralUS_000i", "migrationStage":"NotStarted", "server":"GENERAL01000011"}}
{"logTime": "0511/014704", "correlationVector":"V/nuGFT5Uh3EcQL/p/2+pt.2","action":"Commit Response", "result":"Success", "context":Result: Success. cV=V/nuGFT5Uh3EcQL/p/2+pt.0;server=GENERAL01000011;cloudType=Consumer;environment=Prod_SouthCentralUS_000i;migrationStage=NotStarted}
{"logTime": "0511/014705", "correlationVector":"igVAvjP+mmTSRTO8r5t1hX","action":"Normal GetUpdate request", "result":"", "context":cV=igVAvjP+mmTSRTO8r5t1hX
Nudged types: Device Info}
{"logTime": "0511/014705", "correlationVector":"igVAvjP+mmTSRTO8r5t1hX.1","action":"SyncServerConnectionManagerRequest", "result":"SYNC_SERVER_OK", "context":{"environment":"Prod_SouthCentralUS_000i", "migrationStage":"NotStarted", "server":"GENERAL01000001"}}
{"logTime": "0511/014705", "correlationVector":"igVAvjP+mmTSRTO8r5t1hX.2","action":"GetUpdates Response", "result":"Success", "context":Received 1 update(s). cV=igVAvjP+mmTSRTO8r5t1hX.0;server=GENERAL01000001;cloudType=Consumer;environment=Prod_SouthCentralUS_000i;migrationStage=NotStarted}
{"logTime": "0511/014705", "correlationVector":"F/mxg7JLCO6gkiE/FQqHdC","action":"Normal GetUpdate request", "result":"", "context":cV=F/mxg7JLCO6gkiE/FQqHdC
Notified types: Typed URLs}
{"logTime": "0511/014705", "correlationVector":"F/mxg7JLCO6gkiE/FQqHdC.1","action":"SyncServerConnectionManagerRequest", "result":"SYNC_SERVER_OK", "context":{"environment":"Prod_SouthCentralUS_000i", "migrationStage":"NotStarted", "server":"GENERAL01000018"}}
{"logTime": "0511/014705", "correlationVector":"F/mxg7JLCO6gkiE/FQqHdC.2","action":"GetUpdates Response", "result":"Success", "context":Received 1 update(s). cV=F/mxg7JLCO6gkiE/FQqHdC.0;server=GENERAL01000018;cloudType=Consumer;environment=Prod_SouthCentralUS_000i;migrationStage=NotStarted}
{"logTime": "0511/014708", "correlationVector":"9Lq8gvnmnmLG03KXIYWBXJ","action":"Commit Request", "result":"", "context":Item count: 3
Contributing types: Preferences, Sessions}
{"logTime": "0511/014708", "correlationVector":"9Lq8gvnmnmLG03KXIYWBXJ.1","action":"SyncServerConnectionManagerRequest", "result":"SYNC_SERVER_OK", "context":{"environment":"Prod_SouthCentralUS_000i", "migrationStage":"NotStarted", "server":"GENERAL01000008"}}
{"logTime": "0511/014708", "correlationVector":"9Lq8gvnmnmLG03KXIYWBXJ.2","action":"Commit Response", "result":"Success", "context":Result: Success. cV=9Lq8gvnmnmLG03KXIYWBXJ.0;server=GENERAL01000008;cloudType=Consumer;environment=Prod_SouthCentralUS_000i;migrationStage=NotStarted}
{"logTime": "0511/014736", "correlationVector":"suH/kKdAfsfI2E31O4B+Uy","action":"Commit Request", "result":"", "context":Item count: 1
Contributing types: Sessions}
{"logTime": "0511/014737", "correlationVector":"suH/kKdAfsfI2E31O4B+Uy.1","action":"SyncServerConnectionManagerRequest", "result":"SYNC_SERVER_OK", "context":{"environment":"Prod_SouthCentralUS_000i", "migrationStage":"NotStarted", "server":"GENERAL0100000S"}}
{"logTime": "0511/014737", "correlationVector":"suH/kKdAfsfI2E31O4B+Uy.2","action":"Commit Response", "result":"Success", "context":Result: Success. cV=suH/kKdAfsfI2E31O4B+Uy.0;server=GENERAL0100000S;cloudType=Consumer;environment=Prod_SouthCentralUS_000i;migrationStage=NotStarted}
{"logTime": "0511/014750", "correlationVector":"EVmWBv3okt5qgjo8VlX34J","action":"Commit Request", "result":"", "context":Item count: 1
Contributing types: Sessions}
{"logTime": "0511/014750", "correlationVector":"EVmWBv3okt5qgjo8VlX34J.1","action":"SyncServerConnectionManagerRequest", "result":"SYNC_SERVER_OK", "context":{"environment":"Prod_SouthCentralUS_000i", "migrationStage":"NotStarted", "server":"GENERAL0100000U"}}
{"logTime": "0511/014750", "correlationVector":"EVmWBv3okt5qgjo8VlX34J.2","action":"Commit Response", "result":"Success", "context":Result: Success. cV=EVmWBv3okt5qgjo8VlX34J.0;server=GENERAL0100000U;cloudType=Consumer;environment=Prod_SouthCentralUS_000i;migrationStage=NotStarted}
{"logTime": "0511/015151", "correlationVector":"QKJKHqAt/fflwaFC8OhaTA","action":"Normal GetUpdate request", "result":"", "context":cV=QKJKHqAt/fflwaFC8OhaTA
Refresh requested types: Bookmarks, Preferences, Passwords, Autofill Profiles, Autofill, Typed URLs, Extensions, Sessions, Extension settings, History Delete Directives, Device Info, User Consents, Send Tab To Self, Web Apps, Collection, Edge E Drop, Edge Hub App Usage, Edge Tab Group, Edge Wallet, Encryption Keys}
{"logTime": "0511/015151", "correlationVector":"QKJKHqAt/fflwaFC8OhaTA.1","action":"SyncServerConnectionManagerRequest", "result":"SYNC_SERVER_OK", "context":{"environment":"Prod_SouthCentralUS_000i", "migrationStage":"NotStarted", "server":"GENERAL0100000H"}}
{"logTime": "0511/015152", "correlationVector":"QKJKHqAt/fflwaFC8OhaTA.2","action":"GetUpdates Response", "result":"Success", "context":Received 5 update(s). cV=QKJKHqAt/fflwaFC8OhaTA.0;server=GENERAL0100000H;cloudType=Consumer;environment=Prod_SouthCentralUS_000i;migrationStage=NotStarted}
{"logTime": "0511/015233", "correlationVector":"O+XB9uOnkztO3d4gru15aN","action":"Commit Request", "result":"", "context":Item count: 1
Contributing types: Sessions}
{"logTime": "0511/015233", "correlationVector":"O+XB9uOnkztO3d4gru15aN.1","action":"SyncServerConnectionManagerRequest", "result":"SYNC_SERVER_OK", "context":{"environment":"Prod_SouthCentralUS_000i", "migrationStage":"NotStarted", "server":"GENERAL01000012"}}
{"logTime": "0511/015233", "correlationVector":"O+XB9uOnkztO3d4gru15aN.2","action":"Commit Response", "result":"Success", "context":Result: Success. cV=O+XB9uOnkztO3d4gru15aN.0;server=GENERAL01000012;cloudType=Consumer;environment=Prod_SouthCentralUS_000i;migrationStage=NotStarted}
{"logTime": "0513/032040", "correlationVector":"0Wo37fat8DbnV/dbAJxOjX.1","action":"SyncServerConnectionManagerRequest", "result":"SYNC_SERVER_OK", "context":{"environment":"Prod_SouthCentralUS_000i", "migrationStage":"NotStarted", "server":"GENERAL0100000U"}}
{"logTime": "0513/032040", "correlationVector":"0Wo37fat8DbnV/dbAJxOjX","action":"Initial GetUpdates", "result":"", "context":Reason: NEW_CLIENT. cV=0Wo37fat8DbnV/dbAJxOjX}
{"logTime": "0513/032040", "correlationVector":"0Wo37fat8DbnV/dbAJxOjX.2","action":"GetUpdates Response", "result":"Success", "context":Received 1 update(s). cV=0Wo37fat8DbnV/dbAJxOjX.0;server=GENERAL0100000U;cloudType=Consumer;environment=Prod_SouthCentralUS_000i;migrationStage=NotStarted}
{"logTime": "0513/032040", "correlationVector":"/YEIWH1IF6X856VfazGR+y","action":"Initial GetUpdates", "result":"", "context":Reason: NEWLY_SUPPORTED_DATATYPE. cV=/YEIWH1IF6X856VfazGR+y}
{"logTime": "0513/032040", "correlationVector":"/YEIWH1IF6X856VfazGR+y.1","action":"SyncServerConnectionManagerRequest", "result":"SYNC_SERVER_OK", "context":{"environment":"Prod_SouthCentralUS_000i", "migrationStage":"NotStarted", "server":"GENERAL01000001"}}
{"logTime": "0513/032040", "correlationVector":"/YEIWH1IF6X856VfazGR+y.2","action":"GetUpdates", "result":"DeleteReceived", "context":{"id":"ccac9b1e-2d13-4425-97d7-85b4564528dc", "isDeleted:":"true", "version":"1690346386203"}}
{"logTime": "0513/032040", "correlationVector":"/YEIWH1IF6X856VfazGR+y.3","action":"GetUpdates Response", "result":"Success", "context":Received 89 update(s). cV=/YEIWH1IF6X856VfazGR+y.0;server=GENERAL01000001;cloudType=Consumer;environment=Prod_SouthCentralUS_000i;migrationStage=NotStarted}
{"logTime": "0513/032040", "correlationVector":"7NwnY/WPACCYc4b1+MOAnn","action":"Normal GetUpdate request", "result":"", "context":cV=7NwnY/WPACCYc4b1+MOAnn
Nudged types: Sessions, Device Info
Refresh requested types: Bookmarks, Preferences, Passwords, Autofill Profiles, Autofill, Typed URLs, Extensions, Sessions, Extension settings, History Delete Directives, Device Info, User Consents, Send Tab To Self, Web Apps, Collection, Edge E Drop, Edge Hub App Usage, Edge Tab Group, Edge Wallet, Encryption Keys}
{"logTime": "0513/032040", "correlationVector":"7NwnY/WPACCYc4b1+MOAnn.1","action":"SyncServerConnectionManagerRequest", "result":"SYNC_SERVER_OK", "context":{"environment":"Prod_SouthCentralUS_000i", "migrationStage":"NotStarted", "server":"GENERAL0100000H"}}
{"logTime": "0513/032040", "correlationVector":"7NwnY/WPACCYc4b1+MOAnn.2","action":"GetUpdates", "result":"DeleteReceived", "context":{"id":"9dda10fe-e492-4bbd-8b2c-5afad3651dbd", "isDeleted:":"true", "version":"1715395172096"}}
{"logTime": "0513/032040", "correlationVector":"7NwnY/WPACCYc4b1+MOAnn.3","action":"GetUpdates", "result":"DeleteReceived", "context":{"id":"267ede17-b420-44d6-94c1-9b34c14d6893", "isDeleted:":"true", "version":"1715395125766"}}
{"logTime": "0513/032040", "correlationVector":"7NwnY/WPACCYc4b1+MOAnn.4","action":"GetUpdates", "result":"DeleteReceived", "context":{"id":"26498556-a4b5-4c8e-866a-36e6b8959286", "isDeleted:":"true", "version":"1715397191037"}}
{"logTime": "0513/032040", "correlationVector":"7NwnY/WPACCYc4b1+MOAnn.5","action":"GetUpdates", "result":"DeleteReceived", "context":{"id":"78a435c5-8abe-413d-b9e5-8e3f18d51e2d", "isDeleted:":"true", "version":"1715398998616"}}
{"logTime": "0513/032040", "correlationVector":"7NwnY/WPACCYc4b1+MOAnn.6","action":"GetUpdates", "result":"DeleteReceived", "context":{"id":"fedb6213-eda6-41ac-869c-1f9de0c49a9c", "isDeleted:":"true", "version":"1715400347062"}}
{"logTime": "0513/032040", "correlationVector":"7NwnY/WPACCYc4b1+MOAnn.7","action":"GetUpdates", "result":"DeleteReceived", "context":{"id":"5e5127f4-b1e7-4418-a0ab-8d9c586bf029", "isDeleted:":"true", "version":"1715400700559"}}
{"logTime": "0513/032040", "correlationVector":"7NwnY/WPACCYc4b1+MOAnn.8","action":"GetUpdates", "result":"DeleteReceived", "context":{"id":"41014f56-13b1-4e9b-9105-3f374b347ad7", "isDeleted:":"true", "version":"1715400700560"}}
{"logTime": "0513/032040", "correlationVector":"7NwnY/WPACCYc4b1+MOAnn.9","action":"GetUpdates", "result":"DeleteReceived", "context":{"id":"53c02a5e-696e-402e-a976-fbb1dc48edca", "isDeleted:":"true", "version":"1715401952121"}}
{"logTime": "0513/032040", "correlationVector":"7NwnY/WPACCYc4b1+MOAnn.10","action":"GetUpdates", "result":"DeleteReceived", "context":{"id":"d38c27f4-ede4-44d3-be57-e5b1361912e4", "isDeleted:":"true", "version":"1715402758230"}}
{"logTime": "0513/032040", "correlationVector":"7NwnY/WPACCYc4b1+MOAnn.11","action":"GetUpdates", "result":"DeleteReceived", "context":{"id":"d156673a-9ca7-470b-beef-00e84763247e", "isDeleted:":"true", "version":"1715411327310"}}
{"logTime": "0513/032040", "correlationVector":"7NwnY/WPACCYc4b1+MOAnn.12","action":"GetUpdates", "result":"DeleteReceived", "context":{"id":"079deacd-8893-42ac-abcd-5ca061826320", "isDeleted:":"true", "version":"1715411783710"}}
{"logTime": "0513/032040", "correlationVector":"7NwnY/WPACCYc4b1+MOAnn.13","action":"GetUpdates", "result":"DeleteReceived", "context":{"id":"4c3e385a-7877-458f-9da9-32d55d9f7ae4", "isDeleted:":"true", "version":"1715412921332"}}
{"logTime": "0513/032040", "correlationVector":"7NwnY/WPACCYc4b1+MOAnn.14","action":"GetUpdates", "result":"DeleteReceived", "context":{"id":"23bd4c79-ea22-43da-8f1f-cfdfe1dfcf5b", "isDeleted:":"true", "version":"1715450767733"}}
{"logTime": "0513/032040", "correlationVector":"7NwnY/WPACCYc4b1+MOAnn.15","action":"GetUpdates", "result":"DeleteReceived", "context":{"id":"2d83c82b-8039-4a01-8a1d-b08c718acfd0", "isDeleted:":"true", "version":"1715450767734"}}
{"logTime": "0513/032040", "correlationVector":"7NwnY/WPACCYc4b1+MOAnn.16","action":"GetUpdates", "result":"DeleteReceived", "context":{"id":"f82e8a3b-49e3-4757-ba4b-6c8f235b9fe5", "isDeleted:":"true", "version":"1715450767736"}}
{"logTime": "0513/032040", "correlationVector":"7NwnY/WPACCYc4b1+MOAnn.17","action":"GetUpdates", "result":"DeleteReceived", "context":{"id":"d3812bf0-c3c1-4873-aa01-c77ab723a14f", "isDeleted:":"true", "version":"1715455958210"}}
{"logTime": "0513/032040", "correlationVector":"7NwnY/WPACCYc4b1+MOAnn.18","action":"GetUpdates", "result":"DeleteReceived", "context":{"id":"e4fa1f43-3473-4b17-abe7-6a7738e34faf", "isDeleted:":"true", "version":"1715456318747"}}
{"logTime": "0513/032040", "correlationVector":"7NwnY/WPACCYc4b1+MOAnn.19","action":"GetUpdates", "result":"DeleteReceived", "context":{"id":"326e03b7-b23a-4f41-a54c-86713a7d9bf6", "isDeleted:":"true", "version":"1715456452221"}}
{"logTime": "0513/032040", "correlationVector":"7NwnY/WPACCYc4b1+MOAnn.20","action":"GetUpdates", "result":"DeleteReceived", "context":{"id":"d64b60f1-0fe1-420c-8247-d337c5b55e60", "isDeleted:":"true", "version":"1715456452222"}}
{"logTime": "0513/032040", "correlationVector":"7NwnY/WPACCYc4b1+MOAnn.21","action":"GetUpdates", "result":"DeleteReceived", "context":{"id":"b7d23e4b-977e-4118-bc5e-fda262b277bc", "isDeleted:":"true", "version":"1715457204864"}}
{"logTime": "0513/032040", "correlationVector":"7NwnY/WPACCYc4b1+MOAnn.22","action":"GetUpdates", "result":"DeleteReceived", "context":{"id":"d87d193a-e820-431e-b7f4-711e38f2294e", "isDeleted:":"true", "version":"1715465572934"}}
{"logTime": "0513/032040", "correlationVector":"7NwnY/WPACCYc4b1+MOAnn.23","action":"GetUpdates", "result":"DeleteReceived", "context":{"id":"10007b13-93e4-421a-9923-2580d3a17c08", "isDeleted:":"true", "version":"1715465647655"}}
{"logTime": "0513/032040", "correlationVector":"7NwnY/WPACCYc4b1+MOAnn.24","action":"GetUpdates", "result":"DeleteReceived", "context":{"id":"93ff4395-e187-4b56-a514-daf591a1aad9", "isDeleted:":"true", "version":"1715469265706"}}
{"logTime": "0513/032040", "correlationVector":"7NwnY/WPACCYc4b1+MOAnn.25","action":"GetUpdates", "result":"DeleteReceived", "context":{"id":"9aad0687-6f4c-46c5-8cf8-a39bbe047dac", "isDeleted:":"true", "version":"1715481399396"}}
{"logTime": "0513/032040", "correlationVector":"7NwnY/WPACCYc4b1+MOAnn.26","action":"GetUpdates", "result":"DeleteReceived", "context":{"id":"5799e1af-fc7a-4099-b333-8d6064c0c7c9", "isDeleted:":"true", "version":"1715481515694"}}
{"logTime": "0513/032040", "correlationVector":"7NwnY/WPACCYc4b1+MOAnn.27","action":"GetUpdates", "result":"DeleteReceived", "context":{"id":"ae083f16-c96a-4d8e-9495-3c8522c9612d", "isDeleted:":"true", "version":"1715486611567"}}
{"logTime": "0513/032040", "correlationVector":"7NwnY/WPACCYc4b1+MOAnn.28","action":"GetUpdates", "result":"DeleteReceived", "context":{"id":"4c9cb11d-af4a-4397-8e01-d3b9f0bc68f6", "isDeleted:":"true", "version":"1715487004892"}}
{"logTime": "0513/032040", "correlationVector":"7NwnY/WPACCYc4b1+MOAnn.29","action":"GetUpdates", "result":"DeleteReceived", "context":{"id":"c20b86bb-e3b9-4b9d-838f-20cc95a620ec", "isDeleted:":"true", "version":"1715487480330"}}
{"logTime": "0513/032040", "correlationVector":"7NwnY/WPACCYc4b1+MOAnn.30","action":"GetUpdates", "result":"DeleteReceived", "context":{"id":"25a2bc04-fda4-48e9-b94e-f48bf544a13f", "isDeleted:":"true", "version":"1715498709714"}}
{"logTime": "0513/032040", "correlationVector":"7NwnY/WPACCYc4b1+MOAnn.31","action":"GetUpdates", "result":"DeleteReceived", "context":{"id":"deca56c1-02d6-4582-a44f-b7856605191d", "isDeleted:":"true", "version":"1715498712210"}}
{"logTime": "0513/032040", "correlationVector":"7NwnY/WPACCYc4b1+MOAnn.32","action":"GetUpdates", "result":"DeleteReceived", "context":{"id":"1528b213-3e11-4ed1-bc07-75336e8e0998", "isDeleted:":"true", "version":"1715498712211"}}
{"logTime": "0513/032040", "correlationVector":"7NwnY/WPACCYc4b1+MOAnn.33","action":"GetUpdates", "result":"DeleteReceived", "context":{"id":"f54e4a4e-13fb-4cfb-819f-d90f21d04a7f", "isDeleted:":"true", "version":"1715498776196"}}
{"logTime": "0513/032040", "correlationVector":"7NwnY/WPACCYc4b1+MOAnn.34","action":"GetUpdates", "result":"DeleteReceived", "context":{"id":"946ed516-1e96-4a61-8f87-51b9c26b79d9", "isDeleted:":"true", "version":"1715498776199"}}
{"logTime": "0513/032040", "correlationVector":"7NwnY/WPACCYc4b1+MOAnn.35","action":"GetUpdates", "result":"DeleteReceived", "context":{"id":"4d402719-50fb-4ab4-aa0c-ff2ac5452225", "isDeleted:":"true", "version":"1715498776200"}}
{"logTime": "0513/032040", "correlationVector":"7NwnY/WPACCYc4b1+MOAnn.36","action":"GetUpdates", "result":"DeleteReceived", "context":{"id":"2029e281-45e9-4b74-9f99-3286f686348e", "isDeleted:":"true", "version":"1715498776202"}}
{"logTime": "0513/032040", "correlationVector":"7NwnY/WPACCYc4b1+MOAnn.37","action":"GetUpdates", "result":"DeleteReceived", "context":{"id":"4f3dccff-4d8e-464c-ab1d-6029d2d06afd", "isDeleted:":"true", "version":"1715498778654"}}
{"logTime": "0513/032040", "correlationVector":"7NwnY/WPACCYc4b1+MOAnn.38","action":"GetUpdates", "result":"DeleteReceived", "context":{"id":"af15ec8e-a54c-400b-b826-75a7551e1395", "isDeleted:":"true", "version":"1715498778656"}}
{"logTime": "0513/032040", "correlationVector":"7NwnY/WPACCYc4b1+MOAnn.39","action":"GetUpdates", "result":"DeleteReceived", "context":{"id":"bd21ff71-faf5-4fef-b1da-394aa859c0c6", "isDeleted:":"true", "version":"1715498778657"}}
{"logTime": "0513/032040", "correlationVector":"7NwnY/WPACCYc4b1+MOAnn.40","action":"GetUpdates", "result":"DeleteReceived", "context":{"id":"f478282c-2977-4547-aa27-6438ab917d17", "isDeleted:":"true", "version":"1715498785202"}}
{"logTime": "0513/032040", "correlationVector":"7NwnY/WPACCYc4b1+MOAnn.41","action":"GetUpdates", "result":"DeleteReceived", "context":{"id":"c716f6f0-777f-44de-b1cc-437abe8299c4", "isDeleted:":"true", "version":"1715498807127"}}
{"logTime": "0513/032040", "correlationVector":"7NwnY/WPACCYc4b1+MOAnn.42","action":"GetUpdates", "result":"DeleteReceived", "context":{"id":"165e447d-44f4-4829-b380-0e1a98d06db8", "isDeleted:":"true", "version":"1715499746062"}}
{"logTime": "0513/032040", "correlationVector":"7NwnY/WPACCYc4b1+MOAnn.43","action":"GetUpdates", "result":"DeleteReceived", "context":{"id":"93a9bea7-0662-4931-8e6e-6c67cb26f1b0", "isDeleted:":"true", "version":"1715499746063"}}
{"logTime": "0513/032040", "correlationVector":"7NwnY/WPACCYc4b1+MOAnn.44","action":"GetUpdates", "result":"DeleteReceived", "context":{"id":"91cfd215-5546-4131-9b18-879c7343f7f7", "isDeleted:":"true", "version":"1715499755504"}}
{"logTime": "0513/032040", "correlationVector":"7NwnY/WPACCYc4b1+MOAnn.45","action":"GetUpdates", "result":"DeleteReceived", "context":{"id":"5558927e-a445-43ec-8a0b-35c7e800bb8f", "isDeleted:":"true", "version":"1715499765539"}}
{"logTime": "0513/032040", "correlationVector":"7NwnY/WPACCYc4b1+MOAnn.46","action":"GetUpdates Response", "result":"Success", "context":Received 75 update(s). cV=7NwnY/WPACCYc4b1+MOAnn.0;server=GENERAL0100000H;cloudType=Consumer;environment=Prod_SouthCentralUS_000i;migrationStage=NotStarted}
{"logTime": "0513/032040", "correlationVector":"nAxZOwLctcUolZUPXECSYK","action":"Commit Request", "result":"", "context":Item count: 1
Contributing types: Device Info}
{"logTime": "0513/032040", "correlationVector":"nAxZOwLctcUolZUPXECSYK.1","action":"SyncServerConnectionManagerRequest", "result":"SYNC_SERVER_OK", "context":{"environment":"Prod_SouthCentralUS_000i", "migrationStage":"NotStarted", "server":"GENERAL0100000K"}}
{"logTime": "0513/032040", "correlationVector":"nAxZOwLctcUolZUPXECSYK.2","action":"Commit Response", "result":"Success", "context":Result: Success. cV=nAxZOwLctcUolZUPXECSYK.0;server=GENERAL0100000K;cloudType=Consumer;environment=Prod_SouthCentralUS_000i;migrationStage=NotStarted}
{"logTime": "0513/032040", "correlationVector":"AZWF92Csftx5SZ9Uy7mGjR","action":"Normal GetUpdate request", "result":"", "context":cV=AZWF92Csftx5SZ9Uy7mGjR
Nudged types: Device Info}
{"logTime": "0513/032040", "correlationVector":"AZWF92Csftx5SZ9Uy7mGjR.1","action":"SyncServerConnectionManagerRequest", "result":"SYNC_SERVER_OK", "context":{"environment":"Prod_SouthCentralUS_000i", "migrationStage":"NotStarted", "server":"GENERAL0100000C"}}
{"logTime": "0513/032040", "correlationVector":"AZWF92Csftx5SZ9Uy7mGjR.2","action":"GetUpdates Response", "result":"Success", "context":Received 1 update(s). cV=AZWF92Csftx5SZ9Uy7mGjR.0;server=GENERAL0100000C;cloudType=Consumer;environment=Prod_SouthCentralUS_000i;migrationStage=NotStarted}
{"logTime": "0513/032040", "correlationVector":"UB8EQaUrq7Q58Ly2bRpuMp","action":"Poll GetUpdate request", "result":"", "context":cV=UB8EQaUrq7Q58Ly2bRpuMp}
{"logTime": "0513/032040", "correlationVector":"UB8EQaUrq7Q58Ly2bRpuMp.1","action":"SyncServerConnectionManagerRequest", "result":"SYNC_SERVER_OK", "context":{"environment":"Prod_SouthCentralUS_000i", "migrationStage":"NotStarted", "server":"GENERAL0100000H"}}
{"logTime": "0513/032040", "correlationVector":"UB8EQaUrq7Q58Ly2bRpuMp.2","action":"GetUpdates Response", "result":"Success", "context":Received 0 update(s). cV=UB8EQaUrq7Q58Ly2bRpuMp.0;server=GENERAL0100000H;cloudType=Consumer;environment=Prod_SouthCentralUS_000i;migrationStage=NotStarted}
{"logTime": "0513/032042", "correlationVector":"T472/Gz3aPFPL4CKpkmqUL","action":"SyncServerConnectionManagerRequest", "result":"SYNC_SERVER_OK", "context":{"environment":"", "migrationStage":"", "server":""}}
{"logTime": "0513/032042", "correlationVector":"rYCKl8FJNismFoMLwZYHqP","action":"Normal GetUpdate request", "result":"", "context":cV=rYCKl8FJNismFoMLwZYHqP
Nudged types: Preferences}
{"logTime": "0513/032042", "correlationVector":"rYCKl8FJNismFoMLwZYHqP.1","action":"SyncServerConnectionManagerRequest", "result":"SYNC_SERVER_OK", "context":{"environment":"Prod_SouthCentralUS_000i", "migrationStage":"NotStarted", "server":"GENERAL0100000H"}}
{"logTime": "0513/032042", "correlationVector":"rYCKl8FJNismFoMLwZYHqP.2","action":"GetUpdates Response", "result":"Success", "context":Received 0 update(s). cV=rYCKl8FJNismFoMLwZYHqP.0;server=GENERAL0100000H;cloudType=Consumer;environment=Prod_SouthCentralUS_000i;migrationStage=NotStarted}
{"logTime": "0513/032043", "correlationVector":"NgxuM2joNu2yG6p7VrBbCa","action":"Commit Request", "result":"", "context":Item count: 3
Contributing types: Preferences, Sessions}
{"logTime": "0513/032043", "correlationVector":"NgxuM2joNu2yG6p7VrBbCa.1","action":"SyncServerConnectionManagerRequest", "result":"SYNC_SERVER_OK", "context":{"environment":"Prod_SouthCentralUS_000i", "migrationStage":"NotStarted", "server":"GENERAL0100000N"}}
{"logTime": "0513/032043", "correlationVector":"NgxuM2joNu2yG6p7VrBbCa.2","action":"Commit Response", "result":"Success", "context":Result: Success. cV=NgxuM2joNu2yG6p7VrBbCa.0;server=GENERAL0100000N;cloudType=Consumer;environment=Prod_SouthCentralUS_000i;migrationStage=NotStarted}
{"logTime": "0513/032043", "correlationVector":"gaCvs/nIxFfyi/BJvk+SQ5","action":"Normal GetUpdate request", "result":"", "context":cV=gaCvs/nIxFfyi/BJvk+SQ5
Nudged types: Preferences, Sessions
Refresh requested types: Bookmarks, Preferences, Passwords, Autofill Profiles, Autofill, Typed URLs, Extensions, Sessions, Extension settings, History Delete Directives, Device Info, User Consents, Send Tab To Self, Web Apps, Collection, Edge E Drop, Edge Hub App Usage, Edge Tab Group, Edge Wallet, Encryption Keys}
{"logTime": "0513/032043", "correlationVector":"gaCvs/nIxFfyi/BJvk+SQ5.1","action":"SyncServerConnectionManagerRequest", "result":"SYNC_SERVER_OK", "context":{"environment":"Prod_SouthCentralUS_000i", "migrationStage":"NotStarted", "server":"GENERAL0100001F"}}
{"logTime": "0513/032043", "correlationVector":"gaCvs/nIxFfyi/BJvk+SQ5.2","action":"GetUpdates Response", "result":"Success", "context":Received 3 update(s). cV=gaCvs/nIxFfyi/BJvk+SQ5.0;server=GENERAL0100001F;cloudType=Consumer;environment=Prod_SouthCentralUS_000i;migrationStage=NotStarted}
{"logTime": "0513/032051", "correlationVector":"uP2J94x5NSa5f1f2rhUlM9","action":"Commit Request", "result":"", "context":Item count: 3
Contributing types: Preferences, Passwords, Sessions}
{"logTime": "0513/032051", "correlationVector":"uP2J94x5NSa5f1f2rhUlM9.1","action":"SyncServerConnectionManagerRequest", "result":"SYNC_SERVER_OK", "context":{"environment":"Prod_SouthCentralUS_000i", "migrationStage":"NotStarted", "server":"GENERAL0100000V"}}
{"logTime": "0513/032051", "correlationVector":"uP2J94x5NSa5f1f2rhUlM9.2","action":"Commit Response", "result":"Success", "context":Result: Success. cV=uP2J94x5NSa5f1f2rhUlM9.0;server=GENERAL0100000V;cloudType=Consumer;environment=Prod_SouthCentralUS_000i;migrationStage=NotStarted}
{"logTime": "0513/032533", "correlationVector":"l8WOEeP0TFlidO4N2EM0fK","action":"Normal GetUpdate request", "result":"", "context":cV=l8WOEeP0TFlidO4N2EM0fK
Nudged types: Preferences
Refresh requested types: Bookmarks, Preferences, Passwords, Autofill Profiles, Autofill, Typed URLs, Extensions, Sessions, Extension settings, History Delete Directives, Device Info, User Consents, Send Tab To Self, Web Apps, Collection, Edge E Drop, Edge Hub App Usage, Edge Tab Group, Edge Wallet, Encryption Keys}
{"logTime": "0513/032533", "correlationVector":"l8WOEeP0TFlidO4N2EM0fK.1","action":"SyncServerConnectionManagerRequest", "result":"SYNC_SERVER_OK", "context":{"environment":"Prod_SouthCentralUS_000i", "migrationStage":"NotStarted", "server":"GENERAL01000007"}}
{"logTime": "0513/032533", "correlationVector":"l8WOEeP0TFlidO4N2EM0fK.2","action":"GetUpdates Response", "result":"Success", "context":Received 3 update(s). cV=l8WOEeP0TFlidO4N2EM0fK.0;server=GENERAL01000007;cloudType=Consumer;environment=Prod_SouthCentralUS_000i;migrationStage=NotStarted}
{"logTime": "0513/032533", "correlationVector":"c5hBEXFpftT8ShJddD9+wG","action":"Commit Request", "result":"", "context":Item count: 1
Contributing types: Preferences}
{"logTime": "0513/032534", "correlationVector":"c5hBEXFpftT8ShJddD9+wG.1","action":"SyncServerConnectionManagerRequest", "result":"SYNC_SERVER_OK", "context":{"environment":"Prod_SouthCentralUS_000i", "migrationStage":"NotStarted", "server":"GENERAL01000001"}}
{"logTime": "0513/032534", "correlationVector":"c5hBEXFpftT8ShJddD9+wG.2","action":"Commit Response", "result":"Success", "context":Result: Success. cV=c5hBEXFpftT8ShJddD9+wG.0;server=GENERAL01000001;cloudType=Consumer;environment=Prod_SouthCentralUS_000i;migrationStage=NotStarted}
{"logTime": "0513/032835", "correlationVector":"ujRhU3GK+TpREfMvspSzx8","action":"Normal GetUpdate request", "result":"", "context":cV=ujRhU3GK+TpREfMvspSzx8
Nudged types: Sessions
Notified types: Edge Tab Group}
{"logTime": "0513/032836", "correlationVector":"ujRhU3GK+TpREfMvspSzx8.1","action":"SyncServerConnectionManagerRequest", "result":"SYNC_SERVER_OK", "context":{"environment":"Prod_SouthCentralUS_000i", "migrationStage":"NotStarted", "server":"GENERAL0100000B"}}
{"logTime": "0513/032837", "correlationVector":"ujRhU3GK+TpREfMvspSzx8.2","action":"GetUpdates Response", "result":"Success", "context":Received 6 update(s). cV=ujRhU3GK+TpREfMvspSzx8.0;server=GENERAL0100000B;cloudType=Consumer;environment=Prod_SouthCentralUS_000i;migrationStage=NotStarted}
{"logTime": "0513/032837", "correlationVector":"vdBjrlc6ZzYsXmTawgh3BP","action":"Commit Request", "result":"", "context":Item count: 1
Contributing types: Sessions}
{"logTime": "0513/032837", "correlationVector":"vdBjrlc6ZzYsXmTawgh3BP.1","action":"SyncServerConnectionManagerRequest", "result":"SYNC_SERVER_OK", "context":{"environment":"Prod_SouthCentralUS_000i", "migrationStage":"NotStarted", "server":"GENERAL0100000Z"}}
{"logTime": "0513/032837", "correlationVector":"vdBjrlc6ZzYsXmTawgh3BP.2","action":"Commit Response", "result":"Success", "context":Result: Success. cV=vdBjrlc6ZzYsXmTawgh3BP.0;server=GENERAL0100000Z;cloudType=Consumer;environment=Prod_SouthCentralUS_000i;migrationStage=NotStarted}
{"logTime": "0513/032953", "correlationVector":"X3xBmnAHmzlznsM+s2r/5n","action":"Normal GetUpdate request", "result":"", "context":cV=X3xBmnAHmzlznsM+s2r/5n
Notified types: Edge Tab Group}
{"logTime": "0513/032953", "correlationVector":"X3xBmnAHmzlznsM+s2r/5n.1","action":"SyncServerConnectionManagerRequest", "result":"SYNC_SERVER_OK", "context":{"environment":"Prod_SouthCentralUS_000i", "migrationStage":"NotStarted", "server":"GENERAL0100000U"}}
{"logTime": "0513/032953", "correlationVector":"X3xBmnAHmzlznsM+s2r/5n.2","action":"GetUpdates Response", "result":"Success", "context":Received 6 update(s). cV=X3xBmnAHmzlznsM+s2r/5n.0;server=GENERAL0100000U;cloudType=Consumer;environment=Prod_SouthCentralUS_000i;migrationStage=NotStarted}
{"logTime": "0513/033124", "correlationVector":"KkFGHZaMaY1ssIVDE1AkOI","action":"Commit Request", "result":"", "context":Item count: 1
Contributing types: Sessions}
{"logTime": "0513/033124", "correlationVector":"KkFGHZaMaY1ssIVDE1AkOI.1","action":"SyncServerConnectionManagerRequest", "result":"SYNC_SERVER_OK", "context":{"environment":"Prod_SouthCentralUS_000i", "migrationStage":"NotStarted", "server":"GENERAL01000008"}}
{"logTime": "0513/033124", "correlationVector":"KkFGHZaMaY1ssIVDE1AkOI.2","action":"Commit Response", "result":"Success", "context":Result: Success. cV=KkFGHZaMaY1ssIVDE1AkOI.0;server=GENERAL01000008;cloudType=Consumer;environment=Prod_SouthCentralUS_000i;migrationStage=NotStarted}
{"logTime": "0513/033204", "correlationVector":"12Wb6Y9XHgJDHhbxmYmAL2","action":"Commit Request", "result":"", "context":Item count: 1
Contributing types: Sessions}
{"logTime": "0513/033205", "correlationVector":"12Wb6Y9XHgJDHhbxmYmAL2.1","action":"SyncServerConnectionManagerRequest", "result":"SYNC_SERVER_OK", "context":{"environment":"Prod_SouthCentralUS_000i", "migrationStage":"NotStarted", "server":"GENERAL01000014"}}
{"logTime": "0513/033205", "correlationVector":"12Wb6Y9XHgJDHhbxmYmAL2.2","action":"Commit Response", "result":"Success", "context":Result: Success. cV=12Wb6Y9XHgJDHhbxmYmAL2.0;server=GENERAL01000014;cloudType=Consumer;environment=Prod_SouthCentralUS_000i;migrationStage=NotStarted}
{"logTime": "0513/033257", "correlationVector":"4Yx8UHdDALZCe/OaDBZRwG","action":"Commit Request", "result":"", "context":Item count: 5
Contributing types: Typed URLs, Sessions}
{"logTime": "0513/033257", "correlationVector":"4Yx8UHdDALZCe/OaDBZRwG.1","action":"SyncServerConnectionManagerRequest", "result":"SYNC_SERVER_OK", "context":{"environment":"Prod_SouthCentralUS_000i", "migrationStage":"NotStarted", "server":"GENERAL01000012"}}
{"logTime": "0513/033257", "correlationVector":"4Yx8UHdDALZCe/OaDBZRwG.2","action":"Commit Response", "result":"Success", "context":Result: Success. cV=4Yx8UHdDALZCe/OaDBZRwG.0;server=GENERAL01000012;cloudType=Consumer;environment=Prod_SouthCentralUS_000i;migrationStage=NotStarted}
{"logTime": "0513/033335", "correlationVector":"OOLs3xCHdAP+9SIY7n/zko","action":"Normal GetUpdate request", "result":"", "context":cV=OOLs3xCHdAP+9SIY7n/zko
Nudged types: Sessions
Notified types: Edge Tab Group}
{"logTime": "0513/033336", "correlationVector":"OOLs3xCHdAP+9SIY7n/zko.1","action":"SyncServerConnectionManagerRequest", "result":"SYNC_SERVER_OK", "context":{"environment":"Prod_SouthCentralUS_000i", "migrationStage":"NotStarted", "server":"GENERAL0100000G"}}
{"logTime": "0513/033336", "correlationVector":"OOLs3xCHdAP+9SIY7n/zko.2","action":"GetUpdates Response", "result":"Success", "context":Received 12 update(s). cV=OOLs3xCHdAP+9SIY7n/zko.0;server=GENERAL0100000G;cloudType=Consumer;environment=Prod_SouthCentralUS_000i;migrationStage=NotStarted}
{"logTime": "0513/033336", "correlationVector":"1kMq9SHrmDIEJJxlcwtz3Z","action":"Commit Request", "result":"", "context":Item count: 4
Contributing types: Sessions}
{"logTime": "0513/033336", "correlationVector":"1kMq9SHrmDIEJJxlcwtz3Z.1","action":"SyncServerConnectionManagerRequest", "result":"SYNC_SERVER_OK", "context":{"environment":"Prod_SouthCentralUS_000i", "migrationStage":"NotStarted", "server":"GENERAL0100000I"}}
{"logTime": "0513/033336", "correlationVector":"1kMq9SHrmDIEJJxlcwtz3Z.2","action":"Commit Response", "result":"Success", "context":Result: Success. cV=1kMq9SHrmDIEJJxlcwtz3Z.0;server=GENERAL0100000I;cloudType=Consumer;environment=Prod_SouthCentralUS_000i;migrationStage=NotStarted}
{"logTime": "0513/033336", "correlationVector":"1kMq9SHrmDIEJJxlcwtz3Z.3","action":"Commit.Sessions", "result":"Success", "context":{"id":"752f50ca-4ef0-4da9-a711-a0f6c04d4715", "isDeleted":"true", "size":"0", "version":"1715571177916"}}
{"logTime": "0513/033406", "correlationVector":"9M/WmsX9cDonmiIpd6uw/R","action":"Commit Request", "result":"", "context":Item count: 1
Contributing types: Sessions}
{"logTime": "0513/033406", "correlationVector":"9M/WmsX9cDonmiIpd6uw/R.1","action":"SyncServerConnectionManagerRequest", "result":"SYNC_SERVER_OK", "context":{"environment":"Prod_SouthCentralUS_000i", "migrationStage":"NotStarted", "server":"GENERAL0100000C"}}
{"logTime": "0513/033406", "correlationVector":"9M/WmsX9cDonmiIpd6uw/R.3","action":"Commit.Sessions", "result":"Success", "context":{"id":"2caad18b-b8d7-42c2-9633-e72cdf7ff1f7", "isDeleted":"true", "size":"0", "version":"1715571216687"}}
{"logTime": "0513/033406", "correlationVector":"9M/WmsX9cDonmiIpd6uw/R.2","action":"Commit Response", "result":"Success", "context":Result: Success. cV=9M/WmsX9cDonmiIpd6uw/R.0;server=GENERAL0100000C;cloudType=Consumer;environment=Prod_SouthCentralUS_000i;migrationStage=NotStarted}
{"logTime": "0513/033456", "correlationVector":"Tg0N7tM5g3IYgdpyMK9Lu4","action":"Commit Request", "result":"", "context":Item count: 1
Contributing types: Sessions}
{"logTime": "0513/033456", "correlationVector":"Tg0N7tM5g3IYgdpyMK9Lu4.1","action":"SyncServerConnectionManagerRequest", "result":"SYNC_SERVER_OK", "context":{"environment":"Prod_SouthCentralUS_000i", "migrationStage":"NotStarted", "server":"GENERAL0100001H"}}
{"logTime": "0513/033456", "correlationVector":"Tg0N7tM5g3IYgdpyMK9Lu4.2","action":"Commit Response", "result":"Success", "context":Result: Success. cV=Tg0N7tM5g3IYgdpyMK9Lu4.0;server=GENERAL0100001H;cloudType=Consumer;environment=Prod_SouthCentralUS_000i;migrationStage=NotStarted}
{"logTime": "0513/033717", "correlationVector":"gYtkbydzj0iwInJW+pENf1","action":"Normal GetUpdate request", "result":"", "context":cV=gYtkbydzj0iwInJW+pENf1
Notified types: Edge Tab Group}
{"logTime": "0513/033718", "correlationVector":"gYtkbydzj0iwInJW+pENf1.1","action":"SyncServerConnectionManagerRequest", "result":"SYNC_SERVER_OK", "context":{"environment":"Prod_SouthCentralUS_000i", "migrationStage":"NotStarted", "server":"GENERAL0100000P"}}
{"logTime": "0513/033718", "correlationVector":"gYtkbydzj0iwInJW+pENf1.2","action":"GetUpdates", "result":"DeleteReceived", "context":{"id":"752f50ca-4ef0-4da9-a711-a0f6c04d4715", "isDeleted:":"true", "version":"1715571216690"}}
{"logTime": "0513/033718", "correlationVector":"gYtkbydzj0iwInJW+pENf1.3","action":"GetUpdates", "result":"DeleteReceived", "context":{"id":"f0e83180-743e-4787-9d15-f0ffe322ac19", "isDeleted:":"true", "version":"1715571218046"}}
{"logTime": "0513/033718", "correlationVector":"gYtkbydzj0iwInJW+pENf1.4","action":"GetUpdates", "result":"DeleteReceived", "context":{"id":"2caad18b-b8d7-42c2-9633-e72cdf7ff1f7", "isDeleted:":"true", "version":"1715571247052"}}
{"logTime": "0513/033718", "correlationVector":"gYtkbydzj0iwInJW+pENf1.5","action":"GetUpdates Response", "result":"Success", "context":Received 11 update(s). cV=gYtkbydzj0iwInJW+pENf1.0;server=GENERAL0100000P;cloudType=Consumer;environment=Prod_SouthCentralUS_000i;migrationStage=NotStarted}
{"logTime": "0513/034058", "correlationVector":"5hBymdzHyvtC2yNNVU4IGb","action":"Commit Request", "result":"", "context":Item count: 1
Contributing types: Sessions}
{"logTime": "0513/034058", "correlationVector":"5hBymdzHyvtC2yNNVU4IGb.1","action":"SyncServerConnectionManagerRequest", "result":"SYNC_SERVER_OK", "context":{"environment":"Prod_SouthCentralUS_000i", "migrationStage":"NotStarted", "server":"GENERAL0100000E"}}
{"logTime": "0513/034058", "correlationVector":"5hBymdzHyvtC2yNNVU4IGb.2","action":"Commit Response", "result":"Success", "context":Result: Success. cV=5hBymdzHyvtC2yNNVU4IGb.0;server=GENERAL0100000E;cloudType=Consumer;environment=Prod_SouthCentralUS_000i;migrationStage=NotStarted}
{"logTime": "0513/034131", "correlationVector":"b9v5eBk8GkBke+00tkVDhK","action":"Commit Request", "result":"", "context":Item count: 1
Contributing types: Sessions}
{"logTime": "0513/034131", "correlationVector":"b9v5eBk8GkBke+00tkVDhK.1","action":"SyncServerConnectionManagerRequest", "result":"SYNC_SERVER_OK", "context":{"environment":"Prod_SouthCentralUS_000i", "migrationStage":"NotStarted", "server":"GENERAL0100000V"}}
{"logTime": "0513/034131", "correlationVector":"b9v5eBk8GkBke+00tkVDhK.2","action":"Commit Response", "result":"Success", "context":Result: Success. cV=b9v5eBk8GkBke+00tkVDhK.0;server=GENERAL0100000V;cloudType=Consumer;environment=Prod_SouthCentralUS_000i;migrationStage=NotStarted}
{"logTime": "0513/034203", "correlationVector":"KK3mnLES8gHwXSYw1zLWGa","action":"Normal GetUpdate request", "result":"", "context":cV=KK3mnLES8gHwXSYw1zLWGa
Notified types: Edge Tab Group}
{"logTime": "0513/034203", "correlationVector":"KK3mnLES8gHwXSYw1zLWGa.1","action":"SyncServerConnectionManagerRequest", "result":"SYNC_SERVER_OK", "context":{"environment":"Prod_SouthCentralUS_000i", "migrationStage":"NotStarted", "server":"GENERAL01000006"}}
{"logTime": "0513/034203", "correlationVector":"KK3mnLES8gHwXSYw1zLWGa.2","action":"GetUpdates", "result":"DeleteReceived", "context":{"id":"5e1cb45b-8d19-41d8-ab9a-7d774fd4b73e", "isDeleted:":"true", "version":"1715571444439"}}
{"logTime": "0513/034203", "correlationVector":"KK3mnLES8gHwXSYw1zLWGa.3","action":"GetUpdates", "result":"DeleteReceived", "context":{"id":"fe06810b-8d0b-4511-a6e9-66739682e0c0", "isDeleted:":"true", "version":"1715571722429"}}
{"logTime": "0513/034203", "correlationVector":"KK3mnLES8gHwXSYw1zLWGa.4","action":"GetUpdates Response", "result":"Success", "context":Received 8 update(s). cV=KK3mnLES8gHwXSYw1zLWGa.0;server=GENERAL01000006;cloudType=Consumer;environment=Prod_SouthCentralUS_000i;migrationStage=NotStarted}
{"logTime": "0513/034801", "correlationVector":"PJgpK16HWnsF+PhyVONyww","action":"Commit Request", "result":"", "context":Item count: 1
Contributing types: Sessions}
{"logTime": "0513/034801", "correlationVector":"PJgpK16HWnsF+PhyVONyww.1","action":"SyncServerConnectionManagerRequest", "result":"SYNC_SERVER_OK", "context":{"environment":"Prod_SouthCentralUS_000i", "migrationStage":"NotStarted", "server":"GENERAL0100001A"}}
{"logTime": "0513/034801", "correlationVector":"PJgpK16HWnsF+PhyVONyww.2","action":"Commit Response", "result":"Success", "context":Result: Success. cV=PJgpK16HWnsF+PhyVONyww.0;server=GENERAL0100001A;cloudType=Consumer;environment=Prod_SouthCentralUS_000i;migrationStage=NotStarted}
{"logTime": "0513/040013", "correlationVector":"MMsgV/rOWpeB4HEDurQ0NR","action":"Commit Request", "result":"", "context":Item count: 1
Contributing types: Sessions}
{"logTime": "0513/040014", "correlationVector":"MMsgV/rOWpeB4HEDurQ0NR.1","action":"SyncServerConnectionManagerRequest", "result":"SYNC_SERVER_OK", "context":{"environment":"Prod_SouthCentralUS_000i", "migrationStage":"NotStarted", "server":"GENERAL01000008"}}
{"logTime": "0513/040014", "correlationVector":"MMsgV/rOWpeB4HEDurQ0NR.2","action":"Commit Response", "result":"Success", "context":Result: Success. cV=MMsgV/rOWpeB4HEDurQ0NR.0;server=GENERAL01000008;cloudType=Consumer;environment=Prod_SouthCentralUS_000i;migrationStage=NotStarted}
{"logTime": "0513/050919", "correlationVector":"/wAdxpTPa+l1MVsMTxToWV","action":"Normal GetUpdate request", "result":"", "context":cV=/wAdxpTPa+l1MVsMTxToWV
Notified types: Edge Tab Group}
{"logTime": "0513/050919", "correlationVector":"/wAdxpTPa+l1MVsMTxToWV.1","action":"SyncServerConnectionManagerRequest", "result":"SYNC_SERVER_OK", "context":{"environment":"Prod_SouthCentralUS_000i", "migrationStage":"NotStarted", "server":"GENERAL0100001G"}}
{"logTime": "0513/050919", "correlationVector":"/wAdxpTPa+l1MVsMTxToWV.2","action":"GetUpdates Response", "result":"Success", "context":Received 6 update(s). cV=/wAdxpTPa+l1MVsMTxToWV.0;server=GENERAL0100001G;cloudType=Consumer;environment=Prod_SouthCentralUS_000i;migrationStage=NotStarted}
{"logTime": "0513/051038", "correlationVector":"paoNiKV2xl5juhCpqd4FlG","action":"Normal GetUpdate request", "result":"", "context":cV=paoNiKV2xl5juhCpqd4FlG
Notified types: Edge Tab Group}
{"logTime": "0513/051038", "correlationVector":"paoNiKV2xl5juhCpqd4FlG.1","action":"SyncServerConnectionManagerRequest", "result":"SYNC_SERVER_OK", "context":{"environment":"Prod_SouthCentralUS_000i", "migrationStage":"NotStarted", "server":"GENERAL0100000U"}}
{"logTime": "0513/051038", "correlationVector":"paoNiKV2xl5juhCpqd4FlG.2","action":"GetUpdates Response", "result":"Success", "context":Received 5 update(s). cV=paoNiKV2xl5juhCpqd4FlG.0;server=GENERAL0100000U;cloudType=Consumer;environment=Prod_SouthCentralUS_000i;migrationStage=NotStarted}
{"logTime": "0513/051634", "correlationVector":"NXs77qdVg4kTXxNmpbd9FR","action":"Commit Request", "result":"", "context":Item count: 1
Contributing types: Sessions}
{"logTime": "0513/051634", "correlationVector":"NXs77qdVg4kTXxNmpbd9FR.1","action":"SyncServerConnectionManagerRequest", "result":"SYNC_SERVER_OK", "context":{"environment":"Prod_SouthCentralUS_000i", "migrationStage":"NotStarted", "server":"GENERAL0100000Y"}}
{"logTime": "0513/051634", "correlationVector":"NXs77qdVg4kTXxNmpbd9FR.2","action":"Commit Response", "result":"Success", "context":Result: Success. cV=NXs77qdVg4kTXxNmpbd9FR.0;server=GENERAL0100000Y;cloudType=Consumer;environment=Prod_SouthCentralUS_000i;migrationStage=NotStarted}
{"logTime": "0513/052845", "correlationVector":"Ph2gNDCkHoUvLZukFAKsoY","action":"Commit Request", "result":"", "context":Item count: 1
Contributing types: Sessions}
{"logTime": "0513/052845", "correlationVector":"Ph2gNDCkHoUvLZukFAKsoY.1","action":"SyncServerConnectionManagerRequest", "result":"SYNC_SERVER_OK", "context":{"environment":"Prod_SouthCentralUS_000i", "migrationStage":"NotStarted", "server":"GENERAL0100000V"}}
{"logTime": "0513/052845", "correlationVector":"Ph2gNDCkHoUvLZukFAKsoY.2","action":"Commit Response", "result":"Success", "context":Result: Success. cV=Ph2gNDCkHoUvLZukFAKsoY.0;server=GENERAL0100000V;cloudType=Consumer;environment=Prod_SouthCentralUS_000i;migrationStage=NotStarted}
{"logTime": "0513/053505", "correlationVector":"L72NvPHEnd5+M3lSia1QVM","action":"Commit Request", "result":"", "context":Item count: 1
Contributing types: Sessions}
{"logTime": "0513/053505", "correlationVector":"L72NvPHEnd5+M3lSia1QVM.1","action":"SyncServerConnectionManagerRequest", "result":"SYNC_SERVER_OK", "context":{"environment":"Prod_SouthCentralUS_000i", "migrationStage":"NotStarted", "server":"GENERAL01000012"}}
{"logTime": "0513/053505", "correlationVector":"L72NvPHEnd5+M3lSia1QVM.2","action":"Commit Response", "result":"Success", "context":Result: Success. cV=L72NvPHEnd5+M3lSia1QVM.0;server=GENERAL01000012;cloudType=Consumer;environment=Prod_SouthCentralUS_000i;migrationStage=NotStarted}
{"logTime": "0513/054028", "correlationVector":"z6UrZAxnOTdjq+FI6m1OF9","action":"Commit Request", "result":"", "context":Item count: 1
Contributing types: Sessions}
{"logTime": "0513/054028", "correlationVector":"z6UrZAxnOTdjq+FI6m1OF9.1","action":"SyncServerConnectionManagerRequest", "result":"SYNC_SERVER_OK", "context":{"environment":"Prod_SouthCentralUS_000i", "migrationStage":"NotStarted", "server":"GENERAL0100000O"}}
{"logTime": "0513/054028", "correlationVector":"z6UrZAxnOTdjq+FI6m1OF9.2","action":"Commit Response", "result":"Success", "context":Result: Success. cV=z6UrZAxnOTdjq+FI6m1OF9.0;server=GENERAL0100000O;cloudType=Consumer;environment=Prod_SouthCentralUS_000i;migrationStage=NotStarted}
{"logTime": "0514/232048", "correlationVector":"JmMMr2fPdAhjFBs+OLivDe.1","action":"SyncServerConnectionManagerRequest", "result":"SYNC_SERVER_OK", "context":{"environment":"Prod_SouthCentralUS_000i", "migrationStage":"NotStarted", "server":"GENERAL0100000N"}}
{"logTime": "0514/232049", "correlationVector":"JmMMr2fPdAhjFBs+OLivDe","action":"Initial GetUpdates", "result":"", "context":Reason: NEW_CLIENT. cV=JmMMr2fPdAhjFBs+OLivDe}
{"logTime": "0514/232049", "correlationVector":"JmMMr2fPdAhjFBs+OLivDe.2","action":"GetUpdates Response", "result":"Success", "context":Received 1 update(s). cV=JmMMr2fPdAhjFBs+OLivDe.0;server=GENERAL0100000N;cloudType=Consumer;environment=Prod_SouthCentralUS_000i;migrationStage=NotStarted}
{"logTime": "0514/232049", "correlationVector":"o4735x3USMxAPLC/HlReIa","action":"Initial GetUpdates", "result":"", "context":Reason: NEWLY_SUPPORTED_DATATYPE. cV=o4735x3USMxAPLC/HlReIa}
{"logTime": "0514/232049", "correlationVector":"o4735x3USMxAPLC/HlReIa.1","action":"SyncServerConnectionManagerRequest", "result":"SYNC_SERVER_OK", "context":{"environment":"Prod_SouthCentralUS_000i", "migrationStage":"NotStarted", "server":"GENERAL0100000F"}}
{"logTime": "0514/232049", "correlationVector":"o4735x3USMxAPLC/HlReIa.2","action":"GetUpdates", "result":"DeleteReceived", "context":{"id":"ccac9b1e-2d13-4425-97d7-85b4564528dc", "isDeleted:":"true", "version":"1690346386203"}}
{"logTime": "0514/232049", "correlationVector":"o4735x3USMxAPLC/HlReIa.3","action":"GetUpdates Response", "result":"Success", "context":Received 89 update(s). cV=o4735x3USMxAPLC/HlReIa.0;server=GENERAL0100000F;cloudType=Consumer;environment=Prod_SouthCentralUS_000i;migrationStage=NotStarted}
{"logTime": "0514/232049", "correlationVector":"b872/geAKNI3PX7AHXncXE","action":"Normal GetUpdate request", "result":"", "context":cV=b872/geAKNI3PX7AHXncXE
Nudged types: Sessions, Device Info
Refresh requested types: Bookmarks, Preferences, Passwords, Autofill Profiles, Autofill, Typed URLs, Extensions, Sessions, Extension settings, History Delete Directives, Device Info, User Consents, Send Tab To Self, Web Apps, Collection, Edge E Drop, Edge Hub App Usage, Edge Tab Group, Edge Wallet, Encryption Keys}
{"logTime": "0514/232049", "correlationVector":"b872/geAKNI3PX7AHXncXE.1","action":"SyncServerConnectionManagerRequest", "result":"SYNC_SERVER_OK", "context":{"environment":"Prod_SouthCentralUS_000i", "migrationStage":"NotStarted", "server":"GENERAL0100000B"}}
{"logTime": "0514/232049", "correlationVector":"b872/geAKNI3PX7AHXncXE.2","action":"GetUpdates", "result":"DeleteReceived", "context":{"id":"833a276e-a6c1-4bc7-8e1e-970dfa05995a", "isDeleted:":"true", "version":"1715614295922"}}
{"logTime": "0514/232049", "correlationVector":"b872/geAKNI3PX7AHXncXE.3","action":"GetUpdates", "result":"DeleteReceived", "context":{"id":"b58d94f7-adc0-4712-99a6-b0ad3f0a4fab", "isDeleted:":"true", "version":"1715614305968"}}
{"logTime": "0514/232049", "correlationVector":"b872/geAKNI3PX7AHXncXE.4","action":"GetUpdates", "result":"DeleteReceived", "context":{"id":"b74680f3-c489-4e95-948c-f5e3bb72fd1b", "isDeleted:":"true", "version":"1715615980749"}}
{"logTime": "0514/232049", "correlationVector":"b872/geAKNI3PX7AHXncXE.5","action":"GetUpdates", "result":"DeleteReceived", "context":{"id":"58d54363-e231-4e9d-9fc3-b651879a9dfb", "isDeleted:":"true", "version":"1715616110209"}}
{"logTime": "0514/232049", "correlationVector":"b872/geAKNI3PX7AHXncXE.6","action":"GetUpdates", "result":"DeleteReceived", "context":{"id":"9a9d0b3e-2bd3-4276-84dd-ed096cfff738", "isDeleted:":"true", "version":"1715618634023"}}
{"logTime": "0514/232049", "correlationVector":"b872/geAKNI3PX7AHXncXE.7","action":"GetUpdates", "result":"DeleteReceived", "context":{"id":"78e4e82e-5c8c-42aa-a420-117d45136928", "isDeleted:":"true", "version":"1715618845172"}}
{"logTime": "0514/232049", "correlationVector":"b872/geAKNI3PX7AHXncXE.8","action":"GetUpdates", "result":"DeleteReceived", "context":{"id":"049ac693-481e-49ce-a917-305a5bc399c7", "isDeleted:":"true", "version":"1715618845173"}}
{"logTime": "0514/232049", "correlationVector":"b872/geAKNI3PX7AHXncXE.9","action":"GetUpdates", "result":"DeleteReceived", "context":{"id":"59e25423-ac16-46f7-aeeb-4a2c63b9c5b6", "isDeleted:":"true", "version":"1715618845174"}}
{"logTime": "0514/232049", "correlationVector":"b872/geAKNI3PX7AHXncXE.10","action":"GetUpdates", "result":"DeleteReceived", "context":{"id":"7d881ab9-03d1-4469-bc32-e839e9f2e561", "isDeleted:":"true", "version":"1715620817647"}}
{"logTime": "0514/232049", "correlationVector":"b872/geAKNI3PX7AHXncXE.11","action":"GetUpdates", "result":"DeleteReceived", "context":{"id":"1efbd118-6901-494b-9ec4-d8fd0434d5da", "isDeleted:":"true", "version":"1715651994775"}}
{"logTime": "0514/232049", "correlationVector":"b872/geAKNI3PX7AHXncXE.12","action":"GetUpdates", "result":"DeleteReceived", "context":{"id":"dbee4250-a1b0-441f-a6a5-7d10cfa83163", "isDeleted:":"true", "version":"1715657142752"}}
{"logTime": "0514/232049", "correlationVector":"b872/geAKNI3PX7AHXncXE.13","action":"GetUpdates", "result":"DeleteReceived", "context":{"id":"ab3cfb22-9f61-49a0-9cea-b6f44808e65c", "isDeleted:":"true", "version":"1715660383618"}}
{"logTime": "0514/232049", "correlationVector":"b872/geAKNI3PX7AHXncXE.14","action":"GetUpdates", "result":"DeleteReceived", "context":{"id":"48a8c400-d999-450f-8c4f-db21bed94813", "isDeleted:":"true", "version":"1715661191875"}}
{"logTime": "0514/232049", "correlationVector":"b872/geAKNI3PX7AHXncXE.15","action":"GetUpdates", "result":"DeleteReceived", "context":{"id":"82ea52f5-8ad3-4e2b-94e7-f378402859f6", "isDeleted:":"true", "version":"1715667122591"}}
{"logTime": "0514/232049", "correlationVector":"b872/geAKNI3PX7AHXncXE.16","action":"GetUpdates", "result":"DeleteReceived", "context":{"id":"1f3e577e-b26b-4cae-af8f-a609136a52e0", "isDeleted:":"true", "version":"1715667122592"}}
{"logTime": "0514/232049", "correlationVector":"b872/geAKNI3PX7AHXncXE.17","action":"GetUpdates", "result":"DeleteReceived", "context":{"id":"d285d7ae-d296-4b11-a638-6026fd571897", "isDeleted:":"true", "version":"1715667122594"}}
{"logTime": "0514/232049", "correlationVector":"b872/geAKNI3PX7AHXncXE.18","action":"GetUpdates", "result":"DeleteReceived", "context":{"id":"c25485aa-686a-41ce-a59a-4b4aeddf66ac", "isDeleted:":"true", "version":"1715670619184"}}
{"logTime": "0514/232049", "correlationVector":"b872/geAKNI3PX7AHXncXE.19","action":"GetUpdates", "result":"DeleteReceived", "context":{"id":"f73ee6b9-ae8a-4332-9d58-d17938904ee9", "isDeleted:":"true", "version":"1715712658691"}}
{"logTime": "0514/232049", "correlationVector":"b872/geAKNI3PX7AHXncXE.20","action":"GetUpdates", "result":"DeleteReceived", "context":{"id":"6301c054-8040-4528-9dc3-b2c64986b6e5", "isDeleted:":"true", "version":"1715728100471"}}
{"logTime": "0514/232049", "correlationVector":"b872/geAKNI3PX7AHXncXE.21","action":"GetUpdates", "result":"DeleteReceived", "context":{"id":"288bca36-5a67-411c-9faf-4a5a40052cac", "isDeleted:":"true", "version":"1715728381076"}}
{"logTime": "0514/232049", "correlationVector":"b872/geAKNI3PX7AHXncXE.22","action":"GetUpdates", "result":"DeleteReceived", "context":{"id":"a6d0eb6a-0dd8-453d-8800-7781c02a6588", "isDeleted:":"true", "version":"1715728381077"}}
{"logTime": "0514/232049", "correlationVector":"b872/geAKNI3PX7AHXncXE.23","action":"GetUpdates", "result":"DeleteReceived", "context":{"id":"2989b4db-da96-472e-bba9-51a62c3d77b9", "isDeleted:":"true", "version":"1715728381079"}}
{"logTime": "0514/232049", "correlationVector":"b872/geAKNI3PX7AHXncXE.24","action":"GetUpdates", "result":"DeleteReceived", "context":{"id":"c2516223-3dcf-4d84-b42b-e0d01b4c63f2", "isDeleted:":"true", "version":"1715728381080"}}
{"logTime": "0514/232049", "correlationVector":"b872/geAKNI3PX7AHXncXE.25","action":"GetUpdates", "result":"DeleteReceived", "context":{"id":"ebdc5367-7c9b-4dbf-a3d4-1e32a414acbe", "isDeleted:":"true", "version":"1715728381081"}}
{"logTime": "0514/232049", "correlationVector":"b872/geAKNI3PX7AHXncXE.26","action":"GetUpdates", "result":"DeleteReceived", "context":{"id":"87224e34-a437-4e67-a042-4e4b50034e8e", "isDeleted:":"true", "version":"1715728381082"}}
{"logTime": "0514/232049", "correlationVector":"b872/geAKNI3PX7AHXncXE.27","action":"GetUpdates", "result":"DeleteReceived", "context":{"id":"802a791f-37eb-4f2b-8d47-7e816a6aa6fc", "isDeleted:":"true", "version":"1715728381083"}}
{"logTime": "0514/232049", "correlationVector":"b872/geAKNI3PX7AHXncXE.28","action":"GetUpdates", "result":"DeleteReceived", "context":{"id":"dd859fce-19fc-4431-85b2-c3168475d135", "isDeleted:":"true", "version":"1715728381084"}}
{"logTime": "0514/232049", "correlationVector":"b872/geAKNI3PX7AHXncXE.29","action":"GetUpdates", "result":"DeleteReceived", "context":{"id":"454d79bd-387b-478a-bd2e-ee85fa093371", "isDeleted:":"true", "version":"1715728381085"}}
{"logTime": "0514/232049", "correlationVector":"b872/geAKNI3PX7AHXncXE.30","action":"GetUpdates", "result":"DeleteReceived", "context":{"id":"ccb1481c-5c6e-4fff-80ad-edd3075eceec", "isDeleted:":"true", "version":"1715728381086"}}
{"logTime": "0514/232049", "correlationVector":"b872/geAKNI3PX7AHXncXE.31","action":"GetUpdates", "result":"DeleteReceived", "context":{"id":"8756c986-b5db-44e5-9daa-ee81deda424c", "isDeleted:":"true", "version":"1715728381087"}}
{"logTime": "0514/232049", "correlationVector":"b872/geAKNI3PX7AHXncXE.32","action":"GetUpdates", "result":"DeleteReceived", "context":{"id":"382374b2-f954-40e6-9d5d-2305f7af3fe8", "isDeleted:":"true", "version":"1715728381088"}}
{"logTime": "0514/232049", "correlationVector":"b872/geAKNI3PX7AHXncXE.33","action":"GetUpdates", "result":"DeleteReceived", "context":{"id":"60397421-76c0-4bea-8616-4b6fd33377ff", "isDeleted:":"true", "version":"1715728381089"}}
{"logTime": "0514/232049", "correlationVector":"b872/geAKNI3PX7AHXncXE.34","action":"GetUpdates", "result":"DeleteReceived", "context":{"id":"db4c8fe2-c8de-4aaa-85e3-f8bb0be223f6", "isDeleted:":"true", "version":"1715728381090"}}
{"logTime": "0514/232049", "correlationVector":"b872/geAKNI3PX7AHXncXE.35","action":"GetUpdates", "result":"DeleteReceived", "context":{"id":"673bda8c-8dab-44c4-93fc-3eab289d6754", "isDeleted:":"true", "version":"1715728381091"}}
{"logTime": "0514/232049", "correlationVector":"b872/geAKNI3PX7AHXncXE.36","action":"GetUpdates", "result":"DeleteReceived", "context":{"id":"746a8f47-0af1-4c2e-af79-40c2686382af", "isDeleted:":"true", "version":"1715728381092"}}
{"logTime": "0514/232049", "correlationVector":"b872/geAKNI3PX7AHXncXE.37","action":"GetUpdates", "result":"DeleteReceived", "context":{"id":"ecc9d498-533b-43cb-9720-f459fe55b84c", "isDeleted:":"true", "version":"1715728381093"}}
{"logTime": "0514/232049", "correlationVector":"b872/geAKNI3PX7AHXncXE.38","action":"GetUpdates", "result":"DeleteReceived", "context":{"id":"e1b9ea41-96ad-401e-a849-ea3fe748d796", "isDeleted:":"true", "version":"1715728442538"}}
{"logTime": "0514/232049", "correlationVector":"b872/geAKNI3PX7AHXncXE.39","action":"GetUpdates", "result":"DeleteReceived", "context":{"id":"4dc45df5-cea1-471c-9743-a61f6bfca0b4", "isDeleted:":"true", "version":"1715728442540"}}
{"logTime": "0514/232049", "correlationVector":"b872/geAKNI3PX7AHXncXE.40","action":"GetUpdates", "result":"DeleteReceived", "context":{"id":"2f10b553-1879-4ec6-a6e0-b553ef75ba12", "isDeleted:":"true", "version":"1715728442545"}}
{"logTime": "0514/232049", "correlationVector":"b872/geAKNI3PX7AHXncXE.41","action":"GetUpdates", "result":"DeleteReceived", "context":{"id":"ff5187f9-1aa1-458c-ae61-2e9540f22bf6", "isDeleted:":"true", "version":"1715728454508"}}
{"logTime": "0514/232049", "correlationVector":"b872/geAKNI3PX7AHXncXE.42","action":"GetUpdates", "result":"DeleteReceived", "context":{"id":"9fba5697-872d-4e51-bd6e-a770e49853a9", "isDeleted:":"true", "version":"1715728454509"}}
{"logTime": "0514/232049", "correlationVector":"b872/geAKNI3PX7AHXncXE.43","action":"GetUpdates Response", "result":"Success", "context":Received 101 update(s). cV=b872/geAKNI3PX7AHXncXE.0;server=GENERAL0100000B;cloudType=Consumer;environment=Prod_SouthCentralUS_000i;migrationStage=NotStarted}
{"logTime": "0514/232049", "correlationVector":"Yfsa+GEnv+kqdgkdIHmlZF","action":"Commit Request", "result":"", "context":Item count: 10
Contributing types: Sessions, Device Info, Edge Tab Group}
{"logTime": "0514/232049", "correlationVector":"Yfsa+GEnv+kqdgkdIHmlZF.1","action":"SyncServerConnectionManagerRequest", "result":"SYNC_SERVER_OK", "context":{"environment":"Prod_SouthCentralUS_000i", "migrationStage":"NotStarted", "server":"GENERAL01000017"}}
{"logTime": "0514/232049", "correlationVector":"Yfsa+GEnv+kqdgkdIHmlZF.3","action":"Commit.Sessions", "result":"Success", "context":{"id":"5506d4b2-e2e1-45ea-9c19-a7323c5ea465", "isDeleted":"true", "size":"0", "version":"1715578829086"}}
{"logTime": "0514/232049", "correlationVector":"Yfsa+GEnv+kqdgkdIHmlZF.4","action":"Commit.Edge Tab Group", "result":"Success", "context":{"id":"5c60b582-3123-4e82-83b6-472e3dfb743c", "isDeleted":"true", "size":"0", "version":"1715728442547"}}
{"logTime": "0514/232049", "correlationVector":"Yfsa+GEnv+kqdgkdIHmlZF.5","action":"Commit.Edge Tab Group", "result":"Success", "context":{"id":"05112eaf-d563-4a9b-8caf-f31239a0ae3d", "isDeleted":"true", "size":"0", "version":"1715728442551"}}
{"logTime": "0514/232049", "correlationVector":"Yfsa+GEnv+kqdgkdIHmlZF.6","action":"Commit.Edge Tab Group", "result":"Success", "context":{"id":"daf94b70-5236-498a-a11d-1c2050f930d9", "isDeleted":"true", "size":"0", "version":"1715728442546"}}
{"logTime": "0514/232049", "correlationVector":"Yfsa+GEnv+kqdgkdIHmlZF.7","action":"Commit.Edge Tab Group", "result":"Success", "context":{"id":"00bc5d1e-7d64-4ee9-bf46-479d8063fc5b", "isDeleted":"true", "size":"0", "version":"1715728442549"}}
{"logTime": "0514/232049", "correlationVector":"Yfsa+GEnv+kqdgkdIHmlZF.8","action":"Commit.Edge Tab Group", "result":"Success", "context":{"id":"b3e06963-3d9a-4afc-a703-4fc3041d6a7e", "isDeleted":"true", "size":"0", "version":"1715728442550"}}
{"logTime": "0514/232049", "correlationVector":"Yfsa+GEnv+kqdgkdIHmlZF.9","action":"Commit.Edge Tab Group", "result":"Success", "context":{"id":"59afb7bf-df30-477a-989b-993bebbd58ee", "isDeleted":"true", "size":"0", "version":"1715728442548"}}
{"logTime": "0514/232049", "correlationVector":"Yfsa+GEnv+kqdgkdIHmlZF.2","action":"Commit Response", "result":"Success", "context":Result: Success. cV=Yfsa+GEnv+kqdgkdIHmlZF.0;server=GENERAL01000017;cloudType=Consumer;environment=Prod_SouthCentralUS_000i;migrationStage=NotStarted}
{"logTime": "0514/232049", "correlationVector":"OJUoQPkrxxom7GgpfAx13Y","action":"SyncServerConnectionManagerRequest", "result":"SYNC_SERVER_OK", "context":{"environment":"", "migrationStage":"", "server":""}}
{"logTime": "0514/232049", "correlationVector":"hlt4WYWN/rOSdfdyfXv/Wr","action":"Normal GetUpdate request", "result":"", "context":cV=hlt4WYWN/rOSdfdyfXv/Wr
Nudged types: Sessions, Device Info, Edge Tab Group}
{"logTime": "0514/232049", "correlationVector":"hlt4WYWN/rOSdfdyfXv/Wr.1","action":"SyncServerConnectionManagerRequest", "result":"SYNC_SERVER_OK", "context":{"environment":"Prod_SouthCentralUS_000i", "migrationStage":"NotStarted", "server":"GENERAL0100001I"}}
{"logTime": "0514/232049", "correlationVector":"hlt4WYWN/rOSdfdyfXv/Wr.2","action":"GetUpdates", "result":"DeleteReceived", "context":{"id":"5506d4b2-e2e1-45ea-9c19-a7323c5ea465", "isDeleted:":"true", "version":"1715728807123"}}
{"logTime": "0514/232050", "correlationVector":"hlt4WYWN/rOSdfdyfXv/Wr.3","action":"GetUpdates", "result":"DeleteReceived", "context":{"id":"5c60b582-3123-4e82-83b6-472e3dfb743c", "isDeleted:":"true", "version":"1715728807127"}}
{"logTime": "0514/232050", "correlationVector":"hlt4WYWN/rOSdfdyfXv/Wr.4","action":"GetUpdates", "result":"DeleteReceived", "context":{"id":"05112eaf-d563-4a9b-8caf-f31239a0ae3d", "isDeleted:":"true", "version":"1715728807128"}}
{"logTime": "0514/232050", "correlationVector":"hlt4WYWN/rOSdfdyfXv/Wr.5","action":"GetUpdates", "result":"DeleteReceived", "context":{"id":"daf94b70-5236-498a-a11d-1c2050f930d9", "isDeleted:":"true", "version":"1715728807129"}}
{"logTime": "0514/232050", "correlationVector":"hlt4WYWN/rOSdfdyfXv/Wr.6","action":"GetUpdates", "result":"DeleteReceived", "context":{"id":"00bc5d1e-7d64-4ee9-bf46-479d8063fc5b", "isDeleted:":"true", "version":"1715728807130"}}
{"logTime": "0514/232050", "correlationVector":"hlt4WYWN/rOSdfdyfXv/Wr.7","action":"GetUpdates", "result":"DeleteReceived", "context":{"id":"b3e06963-3d9a-4afc-a703-4fc3041d6a7e", "isDeleted:":"true", "version":"1715728807131"}}
{"logTime": "0514/232050", "correlationVector":"hlt4WYWN/rOSdfdyfXv/Wr.8","action":"GetUpdates", "result":"DeleteReceived", "context":{"id":"59afb7bf-df30-477a-989b-993bebbd58ee", "isDeleted:":"true", "version":"1715728807132"}}
{"logTime": "0514/232050", "correlationVector":"hlt4WYWN/rOSdfdyfXv/Wr.9","action":"GetUpdates Response", "result":"Success", "context":Received 10 update(s). cV=hlt4WYWN/rOSdfdyfXv/Wr.0;server=GENERAL0100001I;cloudType=Consumer;environment=Prod_SouthCentralUS_000i;migrationStage=NotStarted}
{"logTime": "0514/232050", "correlationVector":"pDDZYnFXOVd5nfHV8IVD5o","action":"Normal GetUpdate request", "result":"", "context":cV=pDDZYnFXOVd5nfHV8IVD5o
Notified types: Edge Tab Group
Refresh requested types: Bookmarks, Preferences, Passwords, Autofill Profiles, Autofill, Typed URLs, Extensions, Sessions, Extension settings, History Delete Directives, Device Info, User Consents, Send Tab To Self, Web Apps, Collection, Edge E Drop, Edge Hub App Usage, Edge Tab Group, Edge Wallet, Encryption Keys}
{"logTime": "0514/232050", "correlationVector":"pDDZYnFXOVd5nfHV8IVD5o.1","action":"SyncServerConnectionManagerRequest", "result":"SYNC_SERVER_OK", "context":{"environment":"Prod_SouthCentralUS_000i", "migrationStage":"NotStarted", "server":"GENERAL01000016"}}
{"logTime": "0514/232050", "correlationVector":"pDDZYnFXOVd5nfHV8IVD5o.2","action":"GetUpdates Response", "result":"Success", "context":Received 0 update(s). cV=pDDZYnFXOVd5nfHV8IVD5o.0;server=GENERAL01000016;cloudType=Consumer;environment=Prod_SouthCentralUS_000i;migrationStage=NotStarted}
{"logTime": "0514/232050", "correlationVector":"HJhlfnr7Htm5HMmLF70Ju3","action":"Poll GetUpdate request", "result":"", "context":cV=HJhlfnr7Htm5HMmLF70Ju3}
{"logTime": "0514/232050", "correlationVector":"HJhlfnr7Htm5HMmLF70Ju3.1","action":"SyncServerConnectionManagerRequest", "result":"SYNC_SERVER_OK", "context":{"environment":"Prod_SouthCentralUS_000i", "migrationStage":"NotStarted", "server":"GENERAL01000012"}}
{"logTime": "0514/232050", "correlationVector":"HJhlfnr7Htm5HMmLF70Ju3.2","action":"GetUpdates Response", "result":"Success", "context":Received 0 update(s). cV=HJhlfnr7Htm5HMmLF70Ju3.0;server=GENERAL01000012;cloudType=Consumer;environment=Prod_SouthCentralUS_000i;migrationStage=NotStarted}
{"logTime": "0514/232050", "correlationVector":"RUkLIyNUIfVFgbEa3B7W1o","action":"Commit Request", "result":"", "context":Item count: 2
Contributing types: Preferences, Passwords}
{"logTime": "0514/232050", "correlationVector":"RUkLIyNUIfVFgbEa3B7W1o.1","action":"SyncServerConnectionManagerRequest", "result":"SYNC_SERVER_OK", "context":{"environment":"Prod_SouthCentralUS_000i", "migrationStage":"NotStarted", "server":"GENERAL0100000O"}}
{"logTime": "0514/232050", "correlationVector":"RUkLIyNUIfVFgbEa3B7W1o.2","action":"Commit Response", "result":"Success", "context":Result: Success. cV=RUkLIyNUIfVFgbEa3B7W1o.0;server=GENERAL0100000O;cloudType=Consumer;environment=Prod_SouthCentralUS_000i;migrationStage=NotStarted}
{"logTime": "0514/232052", "correlationVector":"dM/IdVSAow5E+SxEfa8JOz","action":"Commit Request", "result":"", "context":Item count: 2
Contributing types: Preferences, Sessions}
{"logTime": "0514/232054", "correlationVector":"dM/IdVSAow5E+SxEfa8JOz.1","action":"SyncServerConnectionManagerRequest", "result":"SYNC_SERVER_OK", "context":{"environment":"Prod_SouthCentralUS_000i", "migrationStage":"NotStarted", "server":"GENERAL0100000Q"}}
{"logTime": "0514/232054", "correlationVector":"dM/IdVSAow5E+SxEfa8JOz.2","action":"Commit Response", "result":"Success", "context":Result: Success. cV=dM/IdVSAow5E+SxEfa8JOz.0;server=GENERAL0100000Q;cloudType=Consumer;environment=Prod_SouthCentralUS_000i;migrationStage=NotStarted}
{"logTime": "0514/232213", "correlationVector":"5f5HkD47SZqJUg4eV/gm84","action":"Commit Request", "result":"", "context":Item count: 1
Contributing types: Sessions}
{"logTime": "0514/232214", "correlationVector":"5f5HkD47SZqJUg4eV/gm84.1","action":"SyncServerConnectionManagerRequest", "result":"SYNC_SERVER_OK", "context":{"environment":"Prod_SouthCentralUS_000i", "migrationStage":"NotStarted", "server":"GENERAL0100000Q"}}
{"logTime": "0514/232214", "correlationVector":"5f5HkD47SZqJUg4eV/gm84.2","action":"Commit Response", "result":"Success", "context":Result: Success. cV=5f5HkD47SZqJUg4eV/gm84.0;server=GENERAL0100000Q;cloudType=Consumer;environment=Prod_SouthCentralUS_000i;migrationStage=NotStarted}
{"logTime": "0514/232425", "correlationVector":"WeRSWdEXigGYa+7zFEf/cQ","action":"Normal GetUpdate request", "result":"", "context":cV=WeRSWdEXigGYa+7zFEf/cQ
Notified types: Edge Tab Group}
{"logTime": "0514/232426", "correlationVector":"WeRSWdEXigGYa+7zFEf/cQ.1","action":"SyncServerConnectionManagerRequest", "result":"SYNC_SERVER_OK", "context":{"environment":"Prod_SouthCentralUS_000i", "migrationStage":"NotStarted", "server":"GENERAL01000010"}}
{"logTime": "0514/232426", "correlationVector":"WeRSWdEXigGYa+7zFEf/cQ.2","action":"GetUpdates", "result":"DeleteReceived", "context":{"id":"80c203aa-7897-4405-91b0-cf96eed2eb6b", "isDeleted:":"true", "version":"1715729063538"}}
{"logTime": "0514/232426", "correlationVector":"WeRSWdEXigGYa+7zFEf/cQ.3","action":"GetUpdates", "result":"DeleteReceived", "context":{"id":"de13c1a8-6770-482b-9d83-60755dda037c", "isDeleted:":"true", "version":"1715729063540"}}
{"logTime": "0514/232426", "correlationVector":"WeRSWdEXigGYa+7zFEf/cQ.4","action":"GetUpdates", "result":"DeleteReceived", "context":{"id":"789630aa-cfb3-4302-8c2c-1bf2e6e05e0a", "isDeleted:":"true", "version":"1715729063542"}}
{"logTime": "0514/232426", "correlationVector":"WeRSWdEXigGYa+7zFEf/cQ.5","action":"GetUpdates Response", "result":"Success", "context":Received 17 update(s). cV=WeRSWdEXigGYa+7zFEf/cQ.0;server=GENERAL01000010;cloudType=Consumer;environment=Prod_SouthCentralUS_000i;migrationStage=NotStarted}
{"logTime": "0514/232505", "correlationVector":"REB9TnCUd3+QGfvXk0dIdf","action":"Normal GetUpdate request", "result":"", "context":cV=REB9TnCUd3+QGfvXk0dIdf
Nudged types: Preferences
Refresh requested types: Bookmarks, Preferences, Passwords, Autofill Profiles, Autofill, Typed URLs, Extensions, Sessions, Extension settings, History Delete Directives, Device Info, User Consents, Send Tab To Self, Web Apps, Collection, Edge E Drop, Edge Hub App Usage, Edge Tab Group, Edge Wallet, Encryption Keys}
{"logTime": "0514/232506", "correlationVector":"REB9TnCUd3+QGfvXk0dIdf.1","action":"SyncServerConnectionManagerRequest", "result":"SYNC_SERVER_OK", "context":{"environment":"Prod_SouthCentralUS_000i", "migrationStage":"NotStarted", "server":"GENERAL0100000N"}}
{"logTime": "0514/232506", "correlationVector":"REB9TnCUd3+QGfvXk0dIdf.2","action":"GetUpdates Response", "result":"Success", "context":Received 0 update(s). cV=REB9TnCUd3+QGfvXk0dIdf.0;server=GENERAL0100000N;cloudType=Consumer;environment=Prod_SouthCentralUS_000i;migrationStage=NotStarted}
{"logTime": "0514/232506", "correlationVector":"oM6HM0KAk2SLyBnMiyaGwf","action":"Commit Request", "result":"", "context":Item count: 1
Contributing types: Preferences}
{"logTime": "0514/232506", "correlationVector":"oM6HM0KAk2SLyBnMiyaGwf.1","action":"SyncServerConnectionManagerRequest", "result":"SYNC_SERVER_OK", "context":{"environment":"Prod_SouthCentralUS_000i", "migrationStage":"NotStarted", "server":"GENERAL01000013"}}
{"logTime": "0514/232506", "correlationVector":"oM6HM0KAk2SLyBnMiyaGwf.2","action":"Commit Response", "result":"Success", "context":Result: Success. cV=oM6HM0KAk2SLyBnMiyaGwf.0;server=GENERAL01000013;cloudType=Consumer;environment=Prod_SouthCentralUS_000i;migrationStage=NotStarted}
{"logTime": "0514/233427", "correlationVector":"74DpMX0PwpdGnE184UMz86","action":"Normal GetUpdate request", "result":"", "context":cV=74DpMX0PwpdGnE184UMz86
Refresh requested types: Bookmarks, Preferences, Passwords, Autofill Profiles, Autofill, Typed URLs, Extensions, Sessions, Extension settings, History Delete Directives, Device Info, User Consents, Send Tab To Self, Web Apps, Collection, Edge E Drop, Edge Hub App Usage, Edge Tab Group, Edge Wallet, Encryption Keys}
{"logTime": "0514/233428", "correlationVector":"74DpMX0PwpdGnE184UMz86.1","action":"SyncServerConnectionManagerRequest", "result":"SYNC_SERVER_OK", "context":{"environment":"Prod_SouthCentralUS_000i", "migrationStage":"NotStarted", "server":"GENERAL0100000R"}}
{"logTime": "0514/233428", "correlationVector":"74DpMX0PwpdGnE184UMz86.2","action":"GetUpdates Response", "result":"Success", "context":Received 1 update(s). cV=74DpMX0PwpdGnE184UMz86.0;server=GENERAL0100000R;cloudType=Consumer;environment=Prod_SouthCentralUS_000i;migrationStage=NotStarted}
{"logTime": "0514/233927", "correlationVector":"PastK0uoEgzRamfnjE4/NV","action":"Normal GetUpdate request", "result":"", "context":cV=PastK0uoEgzRamfnjE4/NV
Refresh requested types: Bookmarks, Preferences, Passwords, Autofill Profiles, Autofill, Typed URLs, Extensions, Sessions, Extension settings, History Delete Directives, Device Info, User Consents, Send Tab To Self, Web Apps, Collection, Edge E Drop, Edge Hub App Usage, Edge Tab Group, Edge Wallet, Encryption Keys}
{"logTime": "0514/233928", "correlationVector":"PastK0uoEgzRamfnjE4/NV.1","action":"SyncServerConnectionManagerRequest", "result":"SYNC_SERVER_OK", "context":{"environment":"Prod_SouthCentralUS_000i", "migrationStage":"NotStarted", "server":"GENERAL0100000E"}}
{"logTime": "0514/233928", "correlationVector":"PastK0uoEgzRamfnjE4/NV.2","action":"GetUpdates Response", "result":"Success", "context":Received 0 update(s). cV=PastK0uoEgzRamfnjE4/NV.0;server=GENERAL0100000E;cloudType=Consumer;environment=Prod_SouthCentralUS_000i;migrationStage=NotStarted}
{"logTime": "0514/234259", "correlationVector":"qbgjG/CnnxBluF0YMvXKs+","action":"Commit Request", "result":"", "context":Item count: 1
Contributing types: Sessions}
{"logTime": "0514/234259", "correlationVector":"qbgjG/CnnxBluF0YMvXKs+.1","action":"SyncServerConnectionManagerRequest", "result":"SYNC_SERVER_OK", "context":{"environment":"Prod_SouthCentralUS_000i", "migrationStage":"NotStarted", "server":"GENERAL0100000Q"}}
{"logTime": "0514/234259", "correlationVector":"qbgjG/CnnxBluF0YMvXKs+.2","action":"Commit Response", "result":"Success", "context":Result: Success. cV=qbgjG/CnnxBluF0YMvXKs+.0;server=GENERAL0100000Q;cloudType=Consumer;environment=Prod_SouthCentralUS_000i;migrationStage=NotStarted}
{"logTime": "0514/234339", "correlationVector":"uY5VnReQnLqub3kBju41JZ","action":"Commit Request", "result":"", "context":Item count: 1
Contributing types: Sessions}
{"logTime": "0514/234339", "correlationVector":"uY5VnReQnLqub3kBju41JZ.1","action":"SyncServerConnectionManagerRequest", "result":"SYNC_SERVER_OK", "context":{"environment":"Prod_SouthCentralUS_000i", "migrationStage":"NotStarted", "server":"GENERAL0100000G"}}
{"logTime": "0514/234339", "correlationVector":"uY5VnReQnLqub3kBju41JZ.2","action":"Commit Response", "result":"Success", "context":Result: Success. cV=uY5VnReQnLqub3kBju41JZ.0;server=GENERAL0100000G;cloudType=Consumer;environment=Prod_SouthCentralUS_000i;migrationStage=NotStarted}
{"logTime": "0514/234422", "correlationVector":"LqxImwF2cygMvJbDipxyep","action":"Commit Request", "result":"", "context":Item count: 1
Contributing types: Sessions}
{"logTime": "0514/234422", "correlationVector":"LqxImwF2cygMvJbDipxyep.1","action":"SyncServerConnectionManagerRequest", "result":"SYNC_SERVER_OK", "context":{"environment":"Prod_SouthCentralUS_000i", "migrationStage":"NotStarted", "server":"GENERAL0100000B"}}
{"logTime": "0514/234422", "correlationVector":"LqxImwF2cygMvJbDipxyep.2","action":"Commit Response", "result":"Success", "context":Result: Success. cV=LqxImwF2cygMvJbDipxyep.0;server=GENERAL0100000B;cloudType=Consumer;environment=Prod_SouthCentralUS_000i;migrationStage=NotStarted}
{"logTime": "0514/234930", "correlationVector":"REA6eKHBqXcg+8F1HiB9Fb","action":"Commit Request", "result":"", "context":Item count: 1
Contributing types: Sessions}
{"logTime": "0514/234931", "correlationVector":"REA6eKHBqXcg+8F1HiB9Fb.1","action":"SyncServerConnectionManagerRequest", "result":"SYNC_SERVER_OK", "context":{"environment":"Prod_SouthCentralUS_000i", "migrationStage":"NotStarted", "server":"GENERAL0100000V"}}
{"logTime": "0514/234931", "correlationVector":"REA6eKHBqXcg+8F1HiB9Fb.2","action":"Commit Response", "result":"Success", "context":Result: Success. cV=REA6eKHBqXcg+8F1HiB9Fb.0;server=GENERAL0100000V;cloudType=Consumer;environment=Prod_SouthCentralUS_000i;migrationStage=NotStarted}
{"logTime": "0514/235027", "correlationVector":"FQHXSROxS+fx0bb0xb5LNy","action":"Commit Request", "result":"", "context":Item count: 1
Contributing types: Sessions}
{"logTime": "0514/235027", "correlationVector":"FQHXSROxS+fx0bb0xb5LNy.1","action":"SyncServerConnectionManagerRequest", "result":"SYNC_SERVER_OK", "context":{"environment":"Prod_SouthCentralUS_000i", "migrationStage":"NotStarted", "server":"GENERAL0100000D"}}
{"logTime": "0514/235027", "correlationVector":"FQHXSROxS+fx0bb0xb5LNy.2","action":"Commit Response", "result":"Success", "context":Result: Success. cV=FQHXSROxS+fx0bb0xb5LNy.0;server=GENERAL0100000D;cloudType=Consumer;environment=Prod_SouthCentralUS_000i;migrationStage=NotStarted}
{"logTime": "0514/235150", "correlationVector":"0gLiZl4/MmqsE+iCeZDqPb","action":"Commit Request", "result":"", "context":Item count: 1
Contributing types: Sessions}
{"logTime": "0514/235150", "correlationVector":"0gLiZl4/MmqsE+iCeZDqPb.1","action":"SyncServerConnectionManagerRequest", "result":"SYNC_SERVER_OK", "context":{"environment":"Prod_SouthCentralUS_000i", "migrationStage":"NotStarted", "server":"GENERAL0100000O"}}
{"logTime": "0514/235150", "correlationVector":"0gLiZl4/MmqsE+iCeZDqPb.2","action":"Commit Response", "result":"Success", "context":Result: Success. cV=0gLiZl4/MmqsE+iCeZDqPb.0;server=GENERAL0100000O;cloudType=Consumer;environment=Prod_SouthCentralUS_000i;migrationStage=NotStarted}
{"logTime": "0514/235405", "correlationVector":"FGVQcXDPSNHvaNhn92QzkC","action":"Commit Request", "result":"", "context":Item count: 1
Contributing types: Sessions}
{"logTime": "0514/235405", "correlationVector":"FGVQcXDPSNHvaNhn92QzkC.1","action":"SyncServerConnectionManagerRequest", "result":"SYNC_SERVER_OK", "context":{"environment":"Prod_SouthCentralUS_000i", "migrationStage":"NotStarted", "server":"GENERAL0100000B"}}
{"logTime": "0514/235405", "correlationVector":"FGVQcXDPSNHvaNhn92QzkC.2","action":"Commit Response", "result":"Success", "context":Result: Success. cV=FGVQcXDPSNHvaNhn92QzkC.0;server=GENERAL0100000B;cloudType=Consumer;environment=Prod_SouthCentralUS_000i;migrationStage=NotStarted}
